List of all exchanges served by each PC Pursuit outdial site based on
the file exchange.arc downloaded from the PC Pursuit BBS on January 4,
1992.

------------------------------------------------------------------------

Outdial Site: D/AZPHO

602        220 221 222 223 224 225 226 227 228 229 230 231 232 233 234 
602        235 236 237 238 239 240 241 242 243 244 245 246 247 248 249 
602        250 251 252 253 254 255 256 257 258 259 260 261 262 263 264 
602        265 266 267 268 269 270 271 272 273 274 275 276 277 278 279 
602        280 285 320 331 336 340 345 350 351 352 370 371 375 376 377 
602        379 381 382 389 390 391 392 393 395 396 397 412 420 423 431 
602        433 434 435 436 437 438 439 440 441 443 450 451 460 461 464 
602        468 470 481 482 483 484 486 490 491 493 494 495 496 497 498 
602        528 530 531 534 540 542 543 545 547 548 549 551 553 554 563 
602        585 588 589 596 597 598 630 631 640 641 644 649 650 661 678 
602        681 693 730 731 732 752 756 759 784 786 788 789 820 821 827 
602        829 830 831 832 833 834 835 838 839 840 841 842 843 844 846 
602        848 849 852 853 856 860 861 862 863 864 866 867 869 870 872 
602        873 876 877 878 879 890 891 892 893 894 895 897 898 899 921 
602        924 925 926 929 930 931 932 933 934 935 936 937 938 939 940 
602        941 942 943 944 945 946 947 948 949 951 952 953 954 955 956 
602        957 961 962 963 964 965 966 967 968 969 970 971 972 973 974 
602        975 977 978 979 980 981 985 986 990 991 992 993 994 995 996 
602        997 998 

Number of exchanges: 272

602        566 583 584 546 492 561 581 582 780 569 586 471 837 373 380 
602        983 982 984 986 983 671 987 988 

Number of exchanges: 22
(Those exchange requirs 1+602 XXX-XXXX dialing)

------------------------------------------------------------------------

Outdial Site: D/CACOL

714        275 276 335 350 351 352 353 354 355 356 357 358 359 360 369 
714        370 381 382 383 384 386 387 422 431 602 681 682 683 684 685 
714        686 687 688 689 749 780 781 782 783 784 785 787 788 789 790 
714        791 792 793 794 795 796 797 798 799 820 822 823 824 825 829 
714        872 873 874 875 876 877 880 881 882 883 884 885 886 887 888 
714        889 

Number of exchanges: 76

------------------------------------------------------------------------

Outdial Site: D/CAGLE

213        201 202 203 204 205 221 222 223 224 225 226 227 228 229 230 
213        236 237 238 239 245 250 251 252 253 254 255 256 257 258 259 
213        270 271 272 273 274 275 276 277 278 279 280 281 282 283 284 
213        285 286 287 288 289 303 310 314 315 319 340 341 342 343 345 
213        347 351 353 362 380 381 382 383 384 385 386 387 388 389 392 
213        393 394 395 396 399 400 413 415 450 451 452 453 454 455 458 
213        459 460 461 462 463 464 465 466 467 468 469 480 481 482 483 
213        484 485 486 487 488 489 520 550 551 552 553 556 557 558 559 
213        573 580 612 613 614 617 619 620 621 622 623 624 625 626 627 
213        628 629 650 651 652 653 654 655 656 657 658 659 660 661 662 
213        663 664 665 666 667 668 669 680 681 682 683 684 686 687 688 
213        689 714 730 731 732 733 734 735 736 737 738 739 740 741 742 
213        743 744 745 746 747 748 749 765 785 828 829 836 837 838 839 
213        840 841 842 849 850 851 852 854 855 856 857 858 859 870 871 
213        872 873 874 875 876 877 878 879 891 892 893 894 895 896 912 
213        913 930 931 932 933 934 935 936 937 938 939 955 960 962 963 
213        964 965 966 967 968 969 972 974 975 977 

Number of exchanges: 250


818        200 240 241 242 243 244 246 247 248 249 301 303 304 350 351 
818        352 353 354 355 356 357 358 359 360 361 362 363 364 365 366 
818        367 368 370 371 372 373 374 375 376 377 378 379 381 382 393 
818        397 398 399 400 401 402 403 404 405 406 409 440 441 442 443 
818        444 445 446 447 448 449 450 459 500 501 502 503 504 505 506 
818        507 508 509 528 542 545 546 547 548 560 564 565 566 567 568 
818        569 574 575 577 578 579 580 584 753 754 760 761 762 763 764 
818        765 766 767 768 769 777 780 781 782 783 784 785 786 787 788 
818        789 790 791 792 793 794 795 796 797 798 799 818 821 831 840 
818        841 842 843 845 846 847 848 890 891 892 893 894 895 896 897 
818        898 899 901 902 903 904 905 906 907 908 909 951 952 953 954 
818        955 956 957 972 980 981 982 983 984 985 986 987 988 989 990 
818        994 995 997 

Number of exchanges: 183

------------------------------------------------------------------------

Outdial Site: D/CALAN

213        200 201 202 203 204 205 206 207 208 209 212 214 215 216 217 
213        219 220 221 222 223 224 225 226 227 228 229 230 231 232 233 
213        234 235 236 237 238 239 241 245 248 249 250 251 252 253 254 
213        255 256 257 258 259 260 261 262 263 264 265 266 267 268 269 
213        270 271 272 273 274 275 276 277 278 279 280 281 282 283 284 
213        285 286 287 288 289 290 291 292 293 294 295 296 297 298 299 
213        300 301 302 303 304 305 306 307 308 309 310 312 313 314 315 
213        316 318 319 320 321 322 323 324 327 328 329 330 331 332 333 
213        334 335 336 337 338 340 341 342 343 345 347 351 353 362 370 
213        371 372 373 374 375 376 377 378 379 380 381 382 383 384 385 
213        386 387 388 389 390 391 392 393 394 395 396 397 398 399 400 
213        402 404 406 408 410 412 413 414 415 416 417 418 419 440 442 
213        443 444 445 446 447 450 451 452 453 454 455 458 459 460 461 
213        462 463 464 465 466 467 468 469 470 471 472 473 474 475 476 
213        477 478 479 480 481 482 483 484 485 486 487 488 489 500 512 
213        515 516 520 527 531 532 533 535 536 537 538 540 541 542 543 
213        544 545 546 550 551 552 553 554 556 557 558 559 560 561 562 
213        563 564 565 566 567 568 569 573 574 578 580 581 582 583 584 
213        585 586 587 588 589 600 601 602 603 604 605 606 607 608 609 
213        612 613 614 615 616 617 618 619 620 621 622 623 624 625 626 
213        627 628 629 630 631 632 633 634 635 636 637 638 639 640 641 
213        642 643 644 645 646 647 648 649 650 651 652 653 654 655 656 
213        657 658 659 660 661 662 663 664 665 666 667 668 669 670 671 
213        672 673 674 675 676 677 678 679 680 681 682 683 684 685 686 
213        687 688 689 692 693 695 696 698 699 700 702 703 712 713 714 
213        715 716 717 718 719 720 721 722 723 724 725 726 727 728 729 
213        730 731 732 733 734 735 736 737 738 739 740 741 742 743 744 
213        745 746 747 748 749 750 751 752 753 754 755 756 757 758 759 
213        760 761 762 763 764 765 769 770 771 772 773 774 775 776 777 
213        778 779 780 781 782 783 785 791 794 801 802 803 804 806 807 
213        809 812 813 814 819 820 821 822 823 824 825 826 827 828 829 
213        836 837 838 839 840 841 842 846 849 850 851 852 854 855 856 
213        857 858 859 860 861 862 863 864 865 866 867 868 869 870 871 
213        872 873 874 875 876 877 878 879 881 887 888 889 891 892 893 
213        894 895 896 903 904 907 908 912 913 920 921 922 923 924 925 
213        926 927 928 929 930 931 932 933 934 935 936 937 938 939 940 
213        941 942 944 945 946 948 949 955 960 962 963 964 965 966 967 
213        968 969 970 971 972 973 974 975 977 978 979 

Number of exchanges: 566


818        200 240 241 242 243 244 246 247 280 281 282 284 285 286 287 
818        288 289 300 301 302 303 307 308 309 350 357 358 359 401 402 
818        409 442 443 444 445 446 447 448 450 451 457 458 459 500 502 
818        507 529 545 546 547 548 570 571 572 573 574 575 576 579 580 
818        805 821 956 

Number of exchanges: 63

------------------------------------------------------------------------

Outdial Site: D/CAOAK

415        200 202 204 206 207 208 210 215 219 221 222 223 225 227 231 
415        232 233 234 235 236 237 238 239 241 243 244 245 251 252 253 
415        254 255 256 261 262 263 264 265 266 267 268 269 271 272 273 
415        274 276 278 279 281 282 283 284 285 287 288 289 291 292 293 
415        295 296 297 298 301 302 307 308 309 310 317 330 331 332 333 
415        334 337 338 339 346 351 352 357 362 374 376 385 386 387 391 
415        392 393 394 395 396 397 398 399 403 406 407 409 410 412 414 
415        419 420 421 425 428 430 431 433 434 435 436 437 441 442 444 
415        445 446 448 451 452 464 465 466 467 468 469 474 476 477 478 
415        481 482 483 486 495 502 504 509 512 515 517 518 519 520 521 
415        522 523 524 525 526 527 528 529 530 531 532 533 534 535 536 
415        537 538 539 540 541 542 543 544 545 546 547 548 549 550 552 
415        553 554 556 557 558 559 561 562 563 564 565 566 567 568 569 
415        575 576 577 581 582 583 584 585 586 587 588 589 596 597 601 
415        605 607 608 612 613 614 615 616 618 620 621 622 624 626 627 
415        631 632 633 635 636 638 639 641 642 643 644 645 647 648 649 
415        652 653 654 655 658 661 664 665 666 667 668 670 673 677 678 
415        681 695 701 703 704 705 708 710 715 716 717 718 722 724 727 
415        729 731 732 733 736 737 739 741 742 743 744 746 748 749 750 
415        751 752 753 755 756 758 759 761 762 763 764 765 768 769 771 
415        772 773 774 775 776 777 781 782 783 784 785 786 788 789 799 
415        801 804 807 809 810 814 816 819 820 821 822 824 826 831 832 
415        834 835 836 837 838 839 840 841 843 845 848 849 860 861 863 
415        864 865 869 871 872 873 874 875 876 877 878 881 882 884 885 
415        886 887 888 889 891 893 894 895 896 902 904 905 906 910 912 
415        913 914 918 921 922 923 928 929 930 931 932 933 934 935 936 
415        937 938 939 942 943 944 945 946 947 951 952 953 954 955 956 
415        957 970 971 972 973 974 975 977 978 979 981 982 983 984 985 
415        986 987 989 990 991 992 993 994 995 996 997 998 999 

Number of exchanges: 433


510        200 204 208 215 222 223 231 232 233 234 235 236 237 245 251 
510        253 254 256 261 262 263 264 265 268 269 271 272 273 276 278 
510        279 283 284 287 293 295 297 298 302 308 309 317 339 351 352 
510        357 374 376 385 420 425 428 430 436 437 444 446 448 451 452 
510        464 465 466 481 482 483 486 509 518 519 521 522 523 524 525 
510        526 527 528 529 530 531 532 533 534 535 536 537 538 539 540 
510        547 548 549 559 562 568 569 577 581 582 596 601 608 613 614 
510        618 620 631 632 633 635 636 638 639 642 643 644 645 649 652 
510        653 654 655 658 667 670 678 704 710 716 717 718 724 727 729 
510        732 733 736 741 743 746 748 758 762 763 769 782 783 784 785 
510        786 799 801 810 814 819 820 831 832 834 835 836 837 838 839 
510        840 841 843 845 848 849 860 865 869 874 881 884 886 887 888 
510        889 891 893 895 910 930 932 933 934 935 937 938 939 942 943 
510        944 945 946 947 970 971 975 977 987 990 999 

Number of exchanges: 206

------------------------------------------------------------------------

Outdial Site: D/CAPAL

415        226 276 278 321 322 323 324 325 326 327 328 329 335 336 340 
415        341 342 343 344 345 347 348 349 354 358 361 363 364 365 366 
415        367 368 369 371 375 377 378 424 429 438 471 475 481 487 489 
415        490 493 494 496 497 498 537 538 570 571 572 573 574 578 579 
415        581 582 591 592 593 594 595 598 623 637 651 656 657 659 670 
415        683 688 691 694 696 722 723 725 727 732 733 745 770 780 782 
415        783 784 785 786 790 791 792 793 794 795 796 797 851 852 853 
415        854 855 856 857 858 859 881 884 886 887 888 889 926 940 941 
415        948 949 960 961 962 964 965 966 967 968 969 

Number of exchanges: 131

------------------------------------------------------------------------

Outdial Site: D/CASAC

916        227 228 255 262 263 264 277 278 321 322 323 324 325 326 327 
916        328 329 331 332 334 338 339 344 348 349 351 353 355 360 361 
916        362 363 364 366 368 369 371 372 373 374 381 382 383 386 387 
916        388 391 392 393 394 395 399 421 422 423 424 425 427 428 429 
916        433 440 441 442 443 444 445 446 447 448 449 451 452 453 454 
916        455 456 457 464 481 482 483 484 485 486 487 488 489 531 535 
916        537 539 551 552 553 557 566 567 568 593 631 635 636 638 641 
916        643 646 648 649 653 654 657 665 682 683 684 685 686 687 688 
916        689 731 732 733 734 736 737 739 747 761 762 763 764 765 766 
916        767 768 769 852 854 855 863 867 920 921 922 923 924 925 927 
916        928 929 933 939 942 944 951 952 955 956 957 961 962 965 966 
916        967 969 971 972 973 974 978 983 985 987 988 989 991 992 

Number of exchanges: 179

(Exchanges listed below require the 1+ phone number dialing)

916        721 722 723 725 726 727 728 729 745 785 752 753 754 756 757 
916        758 

Number of exchanges: 16 

------------------------------------------------------------------------

Outdial Site: D/CASAN

213        430 431 433 434 438 439 493 494 498 592 594 596 597 598 797 
213        799 985 987 

Number of exchanges: 18


714        220 228 229 236 239 241 250 251 253 255 256 258 259 261 262 
714        265 282 283 285 289 321 322 323 324 325 326 327 328 329 332 
714        367 372 373 374 380 385 414 415 418 432 433 441 447 449 455 
714        458 472 474 475 476 490 491 494 497 499 502 503 509 513 515 
714        516 517 519 520 521 522 523 524 525 526 527 528 529 530 531 
714        532 533 534 535 536 537 538 539 540 541 542 543 544 545 546 
714        547 548 549 550 551 552 553 554 556 557 558 559 565 566 567 
714        568 569 572 579 581 582 583 586 587 588 589 630 631 632 633 
714        634 635 636 637 638 639 640 641 642 643 644 645 646 647 648 
714        649 650 651 660 662 663 664 665 666 667 668 669 670 671 673 
714        675 680 691 692 693 707 708 712 720 721 722 723 724 725 726 
714        727 729 730 731 732 733 738 739 740 741 742 743 744 745 746 
714        747 748 750 751 752 754 755 756 757 758 759 760 761 762 764 
714        768 770 771 772 773 774 775 776 777 778 779 786 821 826 827 
714        828 830 831 832 833 834 835 836 837 838 839 840 841 842 843 
714        846 847 848 850 851 852 854 855 856 857 858 859 863 870 871 
714        879 890 891 892 893 894 895 896 897 898 921 937 938 939 951 
714        952 953 954 955 956 957 960 961 962 963 964 965 966 968 969 
714        970 971 972 973 974 975 977 978 979 990 991 992 993 994 995 
714        996 997 998 999 

Number of exchanges: 289

------------------------------------------------------------------------

Outdial Site: D/CASDI

619        221 222 223 224 225 226 229 230 231 232 233 234 235 236 237 
619        238 239 258 260 262 263 264 265 266 267 268 270 271 272 273 
619        274 275 276 277 278 279 280 281 282 283 284 285 286 287 288 
619        289 290 291 292 293 294 295 296 297 298 299 336 338 390 401 
619        404 406 408 412 413 416 417 419 420 421 422 423 424 425 426 
619        427 428 429 435 437 440 441 442 443 444 447 448 449 450 451 
619        452 453 454 455 456 457 458 459 460 461 462 463 464 465 466 
619        469 470 472 474 475 476 477 479 482 483 484 485 487 488 490 
619        491 492 493 494 495 496 497 502 505 506 508 514 518 522 524 
619        525 526 527 528 529 530 531 532 533 534 535 536 537 538 539 
619        540 541 542 543 544 545 546 547 548 549 551 552 553 554 556 
619        557 558 559 560 561 562 563 565 566 569 570 571 573 574 575 
619        576 578 579 580 581 582 583 584 585 586 587 588 589 592 594 
619        604 660 661 662 668 669 670 672 673 690 691 692 693 694 695 
619        696 697 698 699 701 702 717 980 981 987 990 991 

Number of exchanges: 222

------------------------------------------------------------------------

Outdial Site: D/CASFA

415        200 202 204 206 207 208 215 219 221 222 223 225 227 231 232 
415        233 234 235 236 237 238 239 241 243 244 251 252 253 254 255 
415        257 258 259 261 262 263 264 265 266 267 268 269 271 272 273 
415        274 279 281 282 285 287 288 289 291 292 296 297 298 301 302 
415        307 308 309 310 312 330 331 332 333 334 337 338 339 340 341 
415        342 343 344 345 346 347 348 349 351 352 355 357 358 359 362 
415        371 374 375 376 377 378 381 383 385 386 387 388 389 391 392 
415        393 394 395 396 397 398 399 403 406 407 409 410 412 414 419 
415        420 421 425 428 430 431 433 434 435 436 437 441 442 444 445 
415        446 448 451 452 453 454 456 457 459 461 464 465 466 467 468 
415        469 472 474 476 477 478 479 482 483 485 486 488 491 492 495 
415        499 502 504 507 509 512 513 515 517 518 519 520 521 522 523 
415        524 525 526 527 528 529 530 531 532 533 534 535 536 539 540 
415        541 542 543 544 545 546 547 548 549 550 552 553 554 556 557 
415        558 559 561 562 563 564 565 566 567 568 569 570 571 572 573 
415        574 575 576 577 578 579 583 584 585 586 587 588 589 596 597 
415        601 605 607 608 612 613 614 615 616 618 620 621 622 624 626 
415        627 631 632 633 635 636 638 639 641 642 643 644 645 647 648 
415        649 652 653 654 655 658 661 664 665 666 667 668 673 677 678 
415        681 692 695 696 697 701 703 704 705 708 710 715 716 717 718 
415        721 722 724 729 731 737 738 739 741 742 744 748 749 750 751 
415        752 753 755 756 758 759 761 762 763 764 765 768 769 771 772 
415        773 774 775 776 777 781 788 789 801 804 807 809 810 814 816 
415        819 821 822 824 826 832 834 835 836 839 840 841 843 845 848 
415        849 860 861 863 864 865 869 871 872 873 874 875 876 877 878 
415        882 885 891 893 894 895 896 902 904 905 910 912 913 914 918 
415        921 922 923 924 925 927 928 929 931 936 951 952 953 954 955 
415        956 957 970 971 972 973 974 978 979 981 982 983 984 985 986 
415        987 989 990 991 992 993 994 995 996 997 998 999 

Number of exchanges: 432


510        200 204 208 215 222 223 231 232 233 234 235 236 237 251 253 
510        254 261 262 263 264 265 268 269 271 272 273 279 287 297 298 
510        302 308 309 339 351 352 357 374 376 385 420 425 428 430 436 
510        437 444 446 448 451 452 464 465 466 482 483 486 509 518 519 
510        521 522 523 524 525 526 527 528 529 530 531 532 533 534 535 
510        536 539 540 547 548 549 559 562 568 569 577 596 601 608 613 
510        614 618 620 631 632 633 635 636 638 639 642 643 644 645 649 
510        652 653 654 655 658 667 678 704 710 716 717 718 722 724 729 
510        741 748 758 762 763 769 801 810 814 819 832 834 835 836 839 
510        840 841 843 845 848 849 860 865 869 874 891 893 895 910 970 
510        971 987 990 999 

Number of exchanges: 154

------------------------------------------------------------------------

Outdial Site: D/CASJO

408        221 223 224 225 226 227 234 235 236 237 238 241 243 244 245 
408        246 247 248 249 251 252 253 255 256 257 258 259 262 263 264 
408        265 266 267 268 269 270 272 274 275 276 277 279 280 281 282 
408        283 284 285 286 287 288 289 291 292 293 294 295 296 297 298 
408        299 332 345 353 354 356 358 365 370 371 374 376 377 378 379 
408        395 398 399 432 433 434 435 436 437 441 446 447 448 452 453 
408        463 473 491 492 496 499 522 524 534 552 553 554 559 562 575 
408        578 629 720 721 723 725 727 729 730 732 733 734 735 736 737 
408        738 739 741 742 743 744 745 746 747 748 749 752 756 765 773 
408        864 865 866 867 879 920 922 923 924 925 926 927 929 942 943 
408        945 946 947 954 957 970 971 972 973 974 977 978 980 982 983 
408        984 985 986 987 988 989 991 992 993 994 995 996 997 998 

Number of exchanges: 179


415        226 335 336 438 490 498 623 651 656 657 659 683 691 694 770 
415        940 941 948 949 960 961 962 964 965 966 967 968 969 

Number of exchanges: 28

------------------------------------------------------------------------

Outdial Site: D/CODEN

303        200 220 230 231 232 233 234 235 236 237 238 239 252 255 261 
303        266 270 271 273 277 278 279 280 281 286 287 288 289 290 291 
303        292 293 294 295 296 297 298 299 320 321 322 329 331 333 337 
303        340 341 343 344 348 355 360 361 363 364 366 367 368 369 370 
303        371 372 373 375 377 388 393 394 397 398 399 420 421 422 423 
303        424 425 426 427 428 429 430 431 433 440 441 442 443 444 447 
303        449 450 451 452 455 457 458 460 461 465 466 467 469 470 477 
303        478 480 492 494 497 499 526 530 534 538 556 571 572 573 575 
303        581 592 595 620 623 624 628 629 631 639 640 642 643 649 650 
303        654 657 659 660 665 666 670 671 673 674 676 680 681 688 689 
303        690 691 692 693 694 695 696 697 698 699 720 721 722 727 730 
303        733 739 740 741 743 744 745 750 751 752 753 755 756 757 758 
303        759 760 761 762 763 764 766 770 771 773 777 778 779 780 781 
303        782 786 787 788 789 790 791 792 793 794 795 796 797 798 799 
303        820 821 825 826 829 830 831 832 836 837 839 840 841 843 844 
303        850 851 855 860 861 863 866 868 869 871 877 880 888 889 890 
303        891 892 893 894 896 898 899 922 924 930 932 933 934 935 936 
303        937 938 939 940 964 965 966 969 971 972 973 977 978 979 980 
303        985 986 987 988 989 

Number of exchanges: 275

------------------------------------------------------------------------

Outdial Site: D/CTHAR

203        223 224 225 229 231 232 233 236 240 241 242 243 244 246 247 
203        249 252 257 258 273 275 277 278 279 280 282 285 286 289 291 
203        292 293 296 297 298 299 520 521 522 523 524 525 527 528 529 
203        547 548 549 557 559 560 561 563 565 566 568 569 623 627 633 
203        643 644 645 646 647 648 649 651 653 654 657 658 659 660 665 
203        666 667 668 673 674 675 676 677 678 679 683 688 693 721 722 
203        724 725 726 727 728 826 827 828 829 841 843 870 871 872 875 
203        930 936 951 952 953 954 

Number of exchanges: 111

------------------------------------------------------------------------

Outdial Site: D/DCWAS

202        200 204 206 207 208 209 210 213 214 217 218 220 222 223 224 
202        225 226 227 228 229 230 231 232 233 234 235 236 237 238 239 
202        240 241 242 243 244 245 246 247 248 249 250 251 252 254 255 
202        256 258 259 260 262 263 264 265 266 267 268 269 270 271 272 
202        273 274 275 276 277 278 279 280 281 282 283 284 285 286 287 
202        288 289 291 292 293 294 295 296 297 298 299 306 307 309 310 
202        317 319 320 321 322 323 324 325 326 328 329 330 331 332 333 
202        334 336 337 338 339 340 341 342 343 344 345 346 347 348 350 
202        351 352 353 354 355 356 357 358 359 360 362 363 364 365 366 
202        369 370 371 372 373 374 376 377 378 379 380 382 383 384 385 
202        386 387 388 389 390 391 392 393 394 395 396 397 398 399 401 
202        402 403 404 406 407 408 409 415 416 417 418 420 421 422 423 
202        424 425 426 427 428 429 430 431 432 433 434 435 436 437 438 
202        439 440 441 442 443 444 445 447 448 449 450 451 452 453 454 
202        455 456 457 458 459 460 461 462 463 464 466 467 468 469 470 
202        471 472 473 474 475 476 477 478 479 480 481 482 483 484 485 
202        486 487 488 490 492 493 495 496 497 498 499 501 502 503 504 
202        505 506 507 509 513 514 516 517 519 520 521 522 523 524 525 
202        526 527 528 529 530 532 533 534 535 536 537 538 539 540 541 
202        542 543 544 545 546 547 548 549 550 551 552 553 554 556 557 
202        558 559 560 561 562 563 564 565 566 567 568 569 570 571 572 
202        573 574 575 576 577 578 580 581 582 583 584 585 586 587 588 
202        589 590 591 592 593 595 597 598 599 601 602 603 604 605 606 
202        608 610 613 618 619 620 622 623 624 625 626 627 628 630 631 
202        632 633 634 635 636 637 638 639 640 641 642 643 644 646 647 
202        648 649 650 651 652 653 654 656 657 658 659 660 661 662 663 
202        664 665 666 667 668 669 670 671 673 675 676 678 679 680 681 
202        682 683 684 685 686 687 688 689 690 691 692 693 694 695 696 
202        697 698 699 702 706 707 708 709 712 713 714 715 719 722 723 
202        724 725 726 727 728 731 732 733 734 735 736 737 738 739 742 
202        745 746 749 750 751 752 753 755 756 758 759 760 761 762 763 
202        764 765 767 768 769 770 772 773 774 775 776 778 779 780 781 
202        783 784 785 786 787 789 790 794 795 797 799 801 802 803 805 
202        806 807 808 812 815 816 817 818 820 821 822 823 824 825 826 
202        827 828 829 830 832 833 834 835 836 837 838 839 840 841 842 
202        843 844 845 846 847 848 849 850 851 852 853 856 857 860 861 
202        862 863 864 865 866 868 869 870 871 872 874 875 876 877 879 
202        881 882 883 885 887 888 889 890 891 892 893 894 895 896 897 
202        898 899 901 904 906 907 912 913 914 916 917 920 921 922 924 
202        925 926 927 928 929 930 931 933 934 935 936 937 938 939 940 
202        941 942 943 944 946 947 948 949 951 952 953 954 955 956 957 
202        960 961 962 963 965 966 967 968 971 972 974 975 977 978 979 
202        980 981 982 983 984 985 986 989 990 991 994 996 998 

Number of exchanges: 643


301        206 209 210 217 220 227 229 230 231 236 238 240 248 249 251 
301        258 262 270 277 279 283 286 292 294 295 297 299 306 309 317 
301        320 322 330 336 340 341 344 345 350 353 365 369 372 380 384 
301        386 390 394 402 403 409 417 420 421 422 423 424 427 428 431 
301        434 436 439 441 443 445 449 454 459 460 464 468 469 470 474 
301        480 490 492 493 495 496 497 498 499 502 505 507 509 513 520 
301        530 540 552 559 564 565 567 568 570 571 572 577 580 585 587 
301        588 589 590 593 595 598 599 601 604 608 618 622 627 630 640 
301        649 650 652 654 656 657 670 680 681 688 699 702 713 725 731 
301        735 736 738 753 762 763 770 772 773 774 776 779 794 805 807 
301        808 816 839 840 843 851 852 853 856 864 868 869 870 871 881 
301        888 890 891 894 897 899 907 913 916 921 924 925 926 927 929 
301        930 933 935 937 940 942 946 948 949 951 952 953 961 963 967 
301        972 975 977 980 981 982 983 984 985 986 989 990 

Number of exchanges: 207


703        204 207 214 218 222 235 237 239 241 242 243 246 247 250 255 
703        256 260 263 264 266 271 273 274 276 278 280 281 284 285 321 
703        323 325 329 339 351 352 354 355 356 358 359 360 370 378 379 
703        385 391 406 407 415 418 425 430 435 437 438 440 442 444 448 
703        450 451 455 461 471 476 478 481 482 486 487 503 506 516 517 
703        519 521 522 524 525 527 528 532 533 534 536 538 548 549 550 
703        551 553 556 557 558 560 569 573 578 591 602 603 620 631 641 
703        642 643 644 648 658 660 661 664 671 683 684 685 689 690 691 
703        698 706 709 712 715 719 733 734 739 742 746 749 750 751 756 
703        758 759 760 761 764 765 768 769 780 781 787 790 795 799 802 
703        803 815 817 818 820 821 823 824 826 827 830 834 836 838 841 
703        845 846 847 848 849 850 860 866 874 875 876 883 892 893 904 
703        912 914 920 922 931 934 938 941 960 968 971 974 978 979 998 

Number of exchanges: 195

------------------------------------------------------------------------

Outdial Site: D/FLMIA

305        220 221 222 223 224 226 227 230 232 233 235 238 242 245 246 
305        247 248 250 251 252 253 254 255 257 258 261 262 263 264 266 
305        267 268 270 271 274 279 284 285 324 325 326 327 329 332 342 
305        343 347 348 349 350 352 353 354 358 361 362 363 364 365 366 
305        371 372 373 374 375 376 377 378 379 380 381 382 385 386 387 
305        388 397 399 441 442 443 444 445 446 447 448 449 460 464 470 
305        471 477 478 520 526 529 530 531 532 534 535 536 538 539 541 
305        542 543 544 545 547 548 549 550 551 552 553 554 556 557 558 
305        559 560 567 571 573 575 576 577 578 579 590 591 592 593 594 
305        595 596 598 599 620 621 623 624 625 628 633 634 635 636 637 
305        638 642 643 644 649 651 652 653 654 661 662 663 665 666 667 
305        669 670 672 673 674 681 685 687 688 691 693 694 696 751 754 
305        756 757 758 759 762 769 770 773 775 780 787 789 794 795 821 
305        822 823 825 827 829 835 836 854 855 856 858 859 861 864 865 
305        866 867 868 871 873 874 876 880 881 882 883 884 885 886 887 
305        888 889 891 892 893 895 899 931 932 933 935 937 939 940 944 
305        945 947 948 949 951 952 953 956 957 993 995 

Number of exchanges: 251

------------------------------------------------------------------------

Outdial Site: D/FLORL

407        222 228 236 237 238 239 240 244 246 247 249 256 257 260 262 
407        263 273 275 277 281 282 290 291 292 293 294 295 297 298 299 
407        327 331 332 339 341 342 345 351 352 354 356 363 365 366 380 
407        381 382 420 422 423 424 425 438 469 539 560 568 578 579 623 
407        628 629 644 645 646 647 648 649 651 656 657 658 660 661 671 
407        672 675 677 678 679 682 695 696 699 740 767 774 788 823 824 
407        825 826 827 828 830 831 834 836 839 841 843 849 850 851 855 
407        856 857 859 862 869 872 875 876 877 880 884 886 889 894 895 
407        896 897 898 899 934 939 

Number of exchanges: 126

------------------------------------------------------------------------

Outdial Site: D/FLTAM

813        221 222 223 224 225 226 227 228 229 231 232 234 236 237 238 
813        239 240 241 242 247 248 251 253 254 258 259 264 265 272 273 
813        276 281 286 287 289 620 621 622 623 626 628 633 634 641 645 
813        653 654 661 662 664 671 677 681 684 685 689 690 830 831 832 
813        835 837 839 840 854 855 870 871 872 873 874 875 876 877 878 
813        879 880 881 882 883 884 885 886 887 888 889 920 931 932 933 
813        935 948 949 960 961 962 963 968 969 971 972 973 974 977 978 
813        979 980 985 986 987 988 989 990 996 

Number of exchanges: 114

------------------------------------------------------------------------

Outdial Site: D/GAATL

404        200 212 215 220 221 222 223 225 230 231 233 237 238 239 240 
404        241 242 243 244 246 247 248 249 250 252 255 256 257 260 261 
404        262 263 264 266 270 271 279 280 281 284 286 288 289 292 294 
404        296 297 299 310 312 313 314 315 316 319 320 321 325 329 330 
404        331 332 333 339 341 343 344 346 347 348 349 350 351 352 355 
404        360 361 362 363 364 365 366 368 370 371 372 373 377 378 380 
404        381 383 388 389 390 391 392 393 394 395 396 399 413 416 417 
404        420 421 422 423 424 425 426 427 428 429 431 432 433 434 435 
404        436 438 439 441 442 443 445 446 447 448 449 451 452 454 455 
404        457 458 460 461 463 466 469 471 473 474 475 476 477 478 482 
404        483 484 487 488 489 491 493 494 496 497 498 499 505 508 512 
404        513 515 520 521 522 523 524 525 526 527 528 529 530 533 550 
404        551 552 558 559 564 565 566 570 572 573 577 578 580 581 584 
404        586 587 588 589 590 591 593 594 603 607 610 618 619 621 622 
404        623 624 626 627 631 633 634 636 639 640 641 642 651 653 656 
404        658 659 661 662 664 668 669 671 676 679 680 681 683 686 688 
404        690 691 696 697 698 699 712 717 723 726 727 728 729 730 732 
404        739 740 741 744 750 751 752 753 755 756 758 760 761 762 763 
404        765 766 767 768 772 774 785 792 794 799 804 808 810 815 822 
404        827 833 835 837 839 840 841 842 843 847 848 850 851 852 853 
404        859 870 871 872 873 874 875 876 877 879 880 881 885 888 890 
404        892 894 897 898 899 907 916 920 921 922 923 924 925 926 928 
404        929 932 933 934 936 938 939 941 942 943 944 945 946 948 949 
404        951 952 953 954 955 956 957 960 961 962 963 964 968 969 971 
404        972 973 974 975 977 978 979 980 981 982 984 985 986 987 988 
404        991 992 993 994 995 996 997 998 999 

Number of exchanges: 384

------------------------------------------------------------------------

Outdial Site: D/ILCHI

	Note:  This is an interim exchange list while the 312 area code
	undergoes a split to produce area code 708.  While the Chicago
	area is in transition, numbers which had been 312 (and are now
	708) should be accessible as a 7 digit call to area code 312
	or an 11 digit call (1708+number) to the new area.  HOWEVER:
	the phone company will be installing a voice intercept on calls
	placed to the 7 digit number before routing you to the new
	11 digit number and we do not know how the modems will respond
	to this intercept message.  You should therefore begin using the
	new 1708 number ASAP.  Exchanges in 708 are also listed in
	the 312 table below during this transition.

312        200 201 202 203 204 205 206 207 208 209 210 213 214 215 216 
312        218 220 221 222 223 224 225 226 227 228 229 230 231 232 233 
312        234 235 236 237 238 239 240 241 242 243 244 245 246 247 248 
312        249 250 251 252 253 254 255 256 257 258 259 260 261 262 263 
312        264 265 266 267 268 269 271 272 273 274 275 276 277 278 279 
312        280 281 282 283 284 285 286 287 288 289 290 291 292 293 294 
312        295 296 297 298 299 301 302 303 304 306 307 308 310 313 314 
312        315 316 317 318 319 321 322 323 324 325 326 327 328 329 330 
312        331 332 333 334 335 336 337 338 339 341 342 343 344 345 346 
312        347 348 349 350 351 352 353 354 355 357 358 359 360 361 362 
312        363 364 366 367 368 369 371 372 373 374 375 376 377 378 379 
312        380 381 382 383 384 385 386 387 388 389 390 391 392 393 394 
312        396 397 398 399 401 402 403 404 405 406 407 408 409 410 412 
312        413 415 416 417 418 419 420 421 422 423 424 425 426 427 428 
312        429 430 431 432 433 434 435 436 437 438 439 440 441 442 443 
312        444 445 446 447 448 449 450 451 452 453 454 455 456 457 458 
312        459 460 461 462 463 465 467 468 469 470 471 472 473 474 475 
312        476 477 478 479 480 481 482 483 484 485 486 487 488 489 490 
312        491 492 493 495 496 498 499 501 502 503 504 505 506 507 508 
312        509 510 512 513 514 515 516 517 518 519 520 521 522 523 524 
312        525 526 527 528 529 530 531 532 533 534 535 536 537 538 539 
312        540 541 542 543 544 545 547 548 549 550 551 558 559 560 561 
312        562 563 564 565 566 567 568 569 570 571 572 573 574 575 576 
312        577 578 579 580 581 582 583 584 585 586 588 589 590 591 592 
312        593 594 595 596 597 598 599 601 602 603 604 605 606 607 608 
312        609 612 613 614 615 617 618 619 620 621 622 623 624 625 626 
312        627 628 629 630 631 632 633 634 635 636 637 638 639 640 641 
312        642 643 644 645 646 647 648 649 650 651 652 653 654 655 656 
312        657 658 659 660 661 662 663 664 665 666 667 668 670 671 672 
312        673 674 675 676 677 678 679 680 681 682 684 685 686 687 688 
312        689 690 691 692 693 694 695 696 697 698 699 701 702 703 704 
312        705 706 707 709 712 713 714 715 716 717 718 719 720 721 722 
312        723 724 725 726 727 728 729 730 731 732 733 734 735 736 737 
312        738 739 741 742 743 744 745 746 747 748 749 750 751 752 753 
312        754 755 756 757 758 759 760 761 762 763 764 765 766 767 768 
312        769 770 771 772 773 774 775 776 777 778 779 780 781 782 783 
312        784 785 786 787 788 789 790 791 792 793 794 795 796 797 798 
312        799 801 802 803 804 805 806 807 808 810 812 814 816 817 818 
312        819 820 821 822 823 824 825 826 827 828 829 830 831 832 833 
312        834 835 836 837 838 839 840 841 842 843 844 845 846 847 848 
312        849 850 851 852 853 854 855 856 857 858 859 860 861 862 863 
312        864 865 866 867 868 869 870 871 872 873 874 875 876 877 878 
312        879 880 881 882 883 884 885 886 887 888 889 890 891 892 893 
312        894 895 896 897 898 899 901 902 903 904 905 906 907 908 909 
312        910 913 914 915 916 917 918 919 920 921 922 923 924 925 926 
312        927 928 929 930 931 932 933 934 935 936 937 938 939 940 941 
312        942 943 944 945 946 947 948 949 951 952 953 954 955 956 957 
312        960 961 962 963 964 965 966 967 968 969 971 972 973 974 975 
312        977 978 979 980 981 982 983 984 985 986 987 988 989 990 991 
312        992 993 994 995 996 997 998 

Number of exchanges: 742

	Remember:  the exchanges listed below are duplicated in the
	above list!  Also, you MUST dial 1708-xxx-yyyy to reach numbers
	in the 708 (and 815) area code.

708        200 201 203 205 206 208 209 210 213 215 216 218 223 228 231 
708        232 234 240 244 246 249 250 251 253 255 256 257 258 259 260 
708        272 279 289 290 291 293 295 296 297 298 299 301 303 304 307 
708        310 314 315 316 317 318 319 323 325 328 330 331 333 335 336 
708        339 343 344 345 349 350 351 352 354 355 357 358 359 360 361 
708        362 364 366 367 369 371 377 381 382 383 385 386 387 388 389 
708        390 391 392 393 394 396 397 398 401 402 403 405 406 409 412 
708        416 418 420 422 423 424 425 426 428 429 430 432 433 437 438 
708        439 441 442 446 447 448 449 450 451 452 453 455 456 457 458 
708        459 460 462 469 470 473 474 475 479 480 481 482 484 485 490 
708        491 492 495 496 498 499 501 502 503 504 505 506 510 512 513 
708        515 516 517 518 519 520 524 526 529 530 531 532 534 535 537 
708        540 541 543 544 547 550 551 560 562 563 564 566 570 571 572 
708        573 574 575 576 577 578 579 584 590 593 594 595 596 597 598 
708        599 603 605 607 608 612 613 614 615 617 618 619 620 623 627 
708        628 629 632 634 635 636 639 640 647 652 653 654 655 656 657 
708        658 659 662 665 668 671 672 673 674 675 676 677 678 679 680 
708        681 682 687 688 689 690 691 692 695 696 697 698 699 705 706 
708        709 713 714 717 719 720 724 729 730 739 741 742 746 747 748 
708        749 754 755 756 757 758 759 766 771 773 780 788 789 790 795 
708        798 799 801 803 806 810 816 817 818 820 823 824 825 827 830 
708        831 832 833 834 835 837 839 840 841 843 844 848 849 850 851 
708        852 857 858 859 860 862 863 864 865 866 867 868 869 870 872 
708        877 879 882 884 885 887 888 891 892 893 894 895 896 897 898 
708        904 905 910 913 914 916 919 920 926 931 932 934 937 940 941 
708        945 946 948 949 952 953 954 956 957 960 961 963 964 965 966 
708        967 968 969 971 972 974 979 980 981 982 983 985 986 990 991 
708        998 

Number of exchanges: 406


815        254 372 423 424 436 439 469 474 478 485 722 723 725 726 727 
815        729 740 741 744 773 774 834 838 886 

Number of exchanges: 24

------------------------------------------------------------------------

Outdial Site: D/ININD

317        200 222 226 228 230 231 232 233 235 236 237 238 239 240 241 
317        242 243 244 247 248 251 252 253 254 255 256 257 259 261 262 
317        263 264 265 266 267 269 271 272 273 274 276 277 278 283 290 
317        291 293 297 298 299 321 322 326 328 335 351 352 353 355 356 
317        357 359 422 424 425 431 432 439 441 442 443 445 461 462 464 
317        465 466 467 469 470 471 485 486 488 535 539 541 542 543 545 
317        546 547 549 556 571 573 574 575 576 577 578 579 580 630 631 
317        632 633 634 635 636 637 638 639 681 684 685 686 687 691 694 
317        736 738 745 769 773 776 780 781 782 783 784 786 787 788 823 
317        831 835 838 839 841 842 843 844 845 846 848 849 852 856 861 
317        862 867 870 871 872 873 875 876 877 878 879 881 882 885 887 
317        888 889 891 892 894 895 896 897 898 899 920 921 923 924 925 
317        926 927 928 929 976 994 996 

Number of exchanges: 187

------------------------------------------------------------------------

Outdial Site: D/LANOR

504        241 242 243 244 245 246 253 254 255 257 260 271 277 278 279 
504        282 283 286 288 340 341 347 348 349 361 362 363 364 366 367 
504        368 391 392 393 394 398 431 436 441 443 450 451 454 455 456 
504        461 462 464 465 466 467 468 469 482 483 484 486 488 521 522 
504        523 524 525 527 528 529 552 561 565 566 568 569 581 582 583 
504        584 585 586 587 588 589 592 593 595 596 597 656 662 671 676 
504        682 684 689 731 733 734 736 737 738 739 762 821 822 824 826 
504        827 830 831 832 833 834 835 836 837 838 861 862 865 866 883 
504        884 885 887 888 889 891 895 896 897 899 941 942 943 944 945 
504        947 948 949 976 

Number of exchanges: 139

------------------------------------------------------------------------

Outdial Site: D/MABOS

617        200 223 224 225 226 227 230 231 232 233 234 235 236 237 239 
617        241 242 243 244 245 246 247 248 252 253 254 257 258 261 262 
617        263 264 265 266 267 268 269 271 274 275 276 277 278 279 280 
617        282 284 285 286 287 288 289 290 292 296 298 320 321 322 323 
617        324 325 326 327 328 329 330 331 332 333 335 337 338 340 343 
617        345 348 349 350 353 354 357 361 362 364 367 375 377 380 381 
617        382 387 389 391 393 394 395 396 397 421 423 424 426 427 428 
617        429 431 432 434 436 437 438 439 442 444 445 446 449 450 451 
617        455 456 457 461 463 464 466 469 471 472 473 479 482 483 484 
617        486 487 488 489 491 492 493 494 495 496 497 498 499 522 523 
617        524 527 532 534 536 538 539 541 542 546 547 552 553 556 558 
617        560 561 562 565 566 567 568 569 570 571 572 573 574 576 577 
617        578 579 581 586 589 592 593 594 595 596 598 599 621 622 623 
617        625 628 629 630 633 635 637 638 641 642 643 646 647 648 654 
617        661 662 665 666 669 674 680 684 693 694 695 696 698 720 721 
617        722 723 724 725 726 727 728 729 730 731 732 733 734 735 736 
617        737 738 739 740 742 743 748 749 756 770 773 774 776 781 782 
617        783 786 787 789 825 841 842 843 845 846 847 848 849 855 859 
617        860 861 862 863 864 868 873 876 884 887 889 890 891 893 894 
617        895 899 923 924 925 926 929 930 931 932 933 935 936 937 938 
617        942 944 945 951 954 955 956 958 962 964 965 966 969 972 973 
617        974 979 981 983 984 985 

Number of exchanges: 321

------------------------------------------------------------------------

Outdial Site: D/MIAAR

313        420 426 428 429 434 437 439 449 451 453 454 455 459 475 481 
313        482 483 484 485 486 487 495 572 662 663 665 668 677 747 761 
313        763 764 769 930 936 971 973 981 994 995 996 998 

Number of exchanges: 42

------------------------------------------------------------------------

Outdial Site: D/MIDET

313        222 223 224 225 226 237 240 245 252 255 256 259 267 270 271 
313        272 273 274 275 276 277 278 291 292 295 297 298 320 321 322 
313        323 328 330 331 336 337 341 342 343 345 361 365 366 368 369 
313        371 372 381 382 383 386 388 389 390 393 396 430 431 436 438 
313        440 441 444 446 448 460 491 493 494 496 499 520 521 526 527 
313        531 532 533 534 535 536 537 538 554 556 560 561 562 563 564 
313        565 567 568 571 577 579 581 582 584 592 593 594 596 599 630 
313        690 745 770 780 821 822 823 824 829 831 832 833 834 835 836 
313        837 838 839 841 842 843 845 846 849 861 862 863 864 865 866 
313        867 868 869 871 872 873 874 875 876 881 882 883 884 885 886 
313        891 892 893 894 895 896 897 898 899 921 922 923 924 925 926 
313        927 928 929 931 933 934 935 937 940 943 945 956 961 962 963 
313        964 965 966 972 974 976 980 983 993 

Number of exchanges: 189

------------------------------------------------------------------------

Outdial Site: D/MNMIN

612        220 221 222 223 224 227 228 229 290 291 292 293 296 297 298 
612        323 330 331 332 333 334 335 336 337 338 339 340 341 342 343 
612        344 347 348 349 368 370 371 372 373 374 375 376 377 378 379 
612        420 421 422 423 424 425 426 427 428 429 430 431 432 433 434 
612        435 436 437 438 439 440 441 443 444 445 446 447 448 449 450 
612        451 452 454 455 456 457 458 459 460 461 462 463 464 469 470 
612        471 472 473 474 475 476 477 478 479 481 482 483 484 487 488 
612        489 490 491 492 493 494 496 497 498 499 520 521 522 526 527 
612        529 533 534 535 536 537 538 540 541 542 544 545 546 552 553 
612        557 559 560 561 566 569 571 572 574 588 591 593 620 621 622 
612        623 624 625 626 627 631 633 635 636 638 639 640 641 642 643 
612        644 645 646 647 648 649 653 663 667 673 681 683 687 688 690 
612        696 698 699 720 721 722 723 724 725 726 727 728 729 730 731 
612        733 735 736 737 738 739 741 750 753 754 755 757 770 771 772 
612        774 776 777 778 779 780 781 782 784 785 786 788 789 822 823 
612        824 825 827 828 829 830 831 832 835 851 853 854 858 861 863 
612        865 866 867 868 869 870 871 872 874 879 881 884 885 887 888 
612        890 891 892 893 894 895 896 897 920 921 922 924 925 926 927 
612        929 931 932 933 934 935 936 937 938 939 941 942 944 949 976 
612        977 989 

Number of exchanges: 287

------------------------------------------------------------------------

Outdial Site: D/MOKCI

816        221 223 224 225 228 229 231 234 241 242 243 245 246 247 251 
816        252 254 257 274 275 276 283 292 322 331 333 346 348 353 356 
816        358 361 363 373 374 391 395 421 426 435 436 444 452 453 454 
816        455 459 461 464 466 468 471 472 474 478 483 497 521 523 524 
816        525 531 532 537 556 561 572 576 578 587 589 591 654 698 734 
816        737 741 743 751 753 756 757 759 761 763 765 767 781 792 795 
816        796 821 822 833 836 842 844 854 861 871 881 891 921 922 923 
816        924 926 931 932 941 942 943 966 968 995 997 

Number of exchanges: 116


913        236 262 268 281 287 299 321 334 339 341 342 345 362 371 375 
913        381 383 384 422 432 441 451 469 491 492 541 551 573 574 576 
913        588 596 599 621 631 642 648 649 661 676 677 681 721 722 724 
913        764 780 782 787 788 791 829 831 888 894 897 962 967 

Number of exchanges: 58

------------------------------------------------------------------------

Outdial Site: D/MOSLO

314        225 227 231 232 233 234 235 241 247 253 259 261 263 268 275 
314        277 289 291 296 298 321 331 342 343 344 349 351 352 353 355 
314        361 362 367 371 381 382 383 385 388 389 391 394 421 423 424 
314        425 426 427 428 429 432 434 436 441 444 454 458 464 466 469 
314        476 481 487 489 521 522 523 524 525 529 531 532 533 534 535 
314        538 539 541 542 544 551 553 554 567 569 571 572 576 577 578 
314        595 621 622 623 631 638 644 645 647 652 653 658 664 671 677 
314        679 694 721 725 726 727 731 739 741 746 747 752 755 758 768 
314        771 772 773 776 777 781 791 795 821 822 823 826 829 831 832 
314        836 837 838 839 841 842 843 845 846 848 849 851 854 855 862 
314        863 865 867 868 869 871 872 878 879 889 891 892 894 895 899 
314        921 928 938 939 941 942 946 947 949 957 961 962 963 965 966 
314        968 969 973 982 984 991 992 993 994 997 

Number of exchanges: 190


618        271 274 337 451 452 482 583 797 

Number of exchanges: 8

------------------------------------------------------------------------

Outdial Site: D/NCRTP

919        248 254 266 269 280 286 361 362 365 382 383 387 460 467 469 
919        470 471 477 479 481 489 490 493 528 530 541 543 544 546 549 
919        560 575 596 598 620 660 662 664 677 681 682 683 684 687 688 
919        733 737 740 755 772 779 781 782 783 787 790 821 828 829 831 
919        832 833 834 836 839 840 846 847 848 850 851 856 859 860 870 
919        872 876 878 880 881 890 899 929 932 933 941 942 956 962 966 
919        967 968 976 990 991 992 

Number of exchanges: 96

------------------------------------------------------------------------

Outdial Site: D/NJNBR

908        202 205 214 218 220 225 231 238 246 247 248 249 251 254 257 
908        271 274 283 287 297 302 306 321 324 329 356 360 390 406 407 
908        412 417 418 422 424 442 457 463 469 494 510 519 524 525 526 
908        545 548 549 560 561 562 563 572 602 603 607 613 632 634 636 
908        658 668 679 685 699 704 707 715 721 722 723 725 727 738 745 
908        750 752 753 754 755 756 757 769 805 819 821 826 828 844 846 
908        855 873 878 880 883 885 906 932 937 954 968 980 981 985 

Number of exchanges: 104

------------------------------------------------------------------------

Outdial Site: D/NJNEW

201        200 207 216 217 224 226 227 228 232 233 235 239 241 242 245 
201        256 259 266 268 272 273 276 277 278 279 284 288 289 298 301 
201        304 305 309 312 313 314 315 317 318 319 322 325 330 332 333 
201        338 339 340 342 343 344 345 346 348 351 352 353 354 355 365 
201        368 371 372 373 374 375 376 377 378 379 381 382 386 388 392 
201        393 394 396 399 401 403 408 413 414 416 419 420 421 423 427 
201        428 429 430 432 433 434 435 436 437 438 440 441 450 451 456 
201        460 461 464 465 467 468 470 471 472 473 474 478 480 481 482 
201        483 484 485 486 487 488 489 499 503 504 507 509 514 515 516 
201        522 523 527 533 535 541 546 547 558 564 565 567 568 569 570 
201        574 575 578 581 582 585 587 589 592 593 594 595 596 601 602 
201        608 614 617 621 622 623 624 626 628 633 634 635 636 641 642 
201        643 645 646 648 649 653 654 656 659 661 662 665 667 669 672 
201        673 674 675 676 677 678 680 684 686 687 688 690 692 694 695 
201        696 701 703 705 708 709 712 714 716 731 733 736 737 740 742 
201        743 744 746 748 750 751 759 760 761 762 763 765 771 772 773 
201        777 778 779 783 785 789 790 791 792 794 795 796 797 798 801 
201        802 803 804 807 808 812 814 815 816 817 820 822 823 824 833 
201        836 837 843 845 851 854 855 857 858 860 861 862 863 864 865 
201        866 867 868 869 871 877 881 882 884 886 887 889 890 893 894 
201        896 902 904 907 909 912 913 915 916 923 925 926 931 933 935 
201        939 941 942 943 944 945 947 952 955 956 960 961 963 964 965 
201        966 969 977 991 992 994 997 998 

Number of exchanges: 338


908        200 232 233 241 245 272 273 276 277 289 298 317 322 351 352 
908        353 354 355 381 382 388 396 419 464 474 486 499 522 527 541 
908        558 574 582 594 602 634 636 654 665 686 687 688 709 737 750 
908        760 771 789 815 820 851 855 862 889 913 925 931 964 965 969 

Number of exchanges: 60

------------------------------------------------------------------------

Outdial Site: D/NYHEM

516        220 221 222 223 227 228 229 235 236 237 238 239 248 249 252 
516        255 264 270 285 292 293 294 295 296 299 326 328 333 334 335 
516        336 338 346 349 352 354 355 357 358 364 365 367 371 374 378 
516        379 383 384 391 394 420 431 432 433 437 454 463 466 481 482 
516        483 484 485 486 487 488 489 496 520 521 522 526 531 535 536 
516        538 541 542 546 559 560 561 562 564 565 566 568 569 573 574 
516        575 576 577 579 593 596 598 599 621 623 624 625 626 627 628 
516        629 644 647 656 658 659 663 671 674 676 677 678 679 681 682 
516        683 684 686 691 692 694 731 733 735 739 741 742 745 746 747 
516        752 753 755 756 759 763 764 766 767 773 775 777 781 783 785 
516        789 791 794 795 796 797 798 799 822 823 824 825 826 829 832 
516        833 842 844 845 847 867 868 869 872 873 876 877 883 887 889 
516        890 897 921 922 925 926 931 932 933 934 935 937 938 939 942 
516        943 944 949 997 

Number of exchanges: 199

------------------------------------------------------------------------

Outdial Site: D/NYNYO

212        200 205 206 207 208 210 213 214 216 218 219 220 221 222 223 
212        225 226 227 228 230 231 232 233 234 235 236 237 238 239 240 
212        241 242 243 244 245 246 247 248 249 250 251 252 254 255 260 
212        262 264 265 266 267 268 269 272 276 277 279 280 281 283 285 
212        286 288 289 290 291 292 293 294 295 296 297 298 299 301 302 
212        303 304 305 306 307 308 309 310 312 313 314 315 316 319 320 
212        321 322 323 324 325 326 328 329 330 333 334 335 337 339 340 
212        341 342 344 346 348 349 350 351 352 353 354 355 356 357 358 
212        359 360 361 362 363 364 365 367 368 369 370 371 373 374 378 
212        379 380 382 385 390 391 392 393 395 396 397 398 399 401 402 
212        404 406 407 408 409 410 412 413 414 415 416 418 419 420 421 
212        422 425 427 428 430 431 432 433 436 437 439 440 446 447 448 
212        449 451 452 453 455 456 457 458 459 460 461 463 464 465 466 
212        467 468 469 472 473 474 475 476 477 480 481 482 483 484 485 
212        486 487 488 489 490 491 492 493 495 496 502 503 504 505 506 
212        508 509 510 512 513 514 515 517 518 519 520 521 522 523 524 
212        525 527 528 529 530 531 532 533 534 535 536 537 538 541 542 
212        543 545 546 547 548 549 551 552 553 554 556 557 558 559 560 
212        561 562 563 564 565 566 567 568 569 570 571 572 573 574 575 
212        576 577 578 579 580 581 582 583 584 585 586 587 588 589 590 
212        593 594 595 597 598 599 601 602 603 605 606 607 608 609 610 
212        612 613 614 616 617 618 619 620 621 623 624 625 627 628 629 
212        632 633 635 637 639 640 641 642 643 644 645 648 649 650 652 
212        653 654 655 656 657 658 659 661 662 663 664 665 666 667 668 
212        669 671 673 674 675 676 677 678 679 681 682 683 684 685 686 
212        687 688 689 690 691 692 693 694 695 696 697 698 701 702 703 
212        704 705 707 708 709 711 713 714 715 716 717 719 720 721 722 
212        724 725 727 730 731 732 733 734 735 736 737 740 741 742 744 
212        745 746 747 749 750 751 752 753 754 755 757 758 759 760 761 
212        764 765 766 767 768 769 770 772 775 776 777 779 781 785 786 
212        787 790 791 792 793 794 795 796 797 798 799 804 806 807 808 
212        809 812 813 815 818 819 820 822 823 824 825 826 827 828 829 
212        830 831 832 836 837 838 839 840 841 842 844 847 848 850 852 
212        853 854 855 856 858 860 861 862 863 864 865 866 867 868 869 
212        870 871 872 873 874 876 877 878 879 880 881 882 883 884 885 
212        886 887 888 889 891 892 893 898 899 901 902 903 904 905 906 
212        907 908 909 912 916 918 920 921 922 923 924 925 926 927 928 
212        929 930 931 932 933 935 936 938 940 941 942 943 944 945 947 
212        949 951 952 953 954 955 956 957 960 962 963 964 966 967 968 
212        969 971 972 973 974 975 977 978 979 980 982 983 984 985 986 
212        988 989 991 992 993 994 995 996 997 998 999 

Number of exchanges: 611


516        221 222 223 227 228 229 235 236 237 238 239 248 249 252 255 
516        264 270 285 292 293 294 295 296 299 326 328 333 334 336 338 
516        346 349 352 354 357 358 364 365 367 371 374 378 379 391 420 
516        431 432 433 437 454 463 466 481 482 483 484 485 486 487 488 
516        489 496 520 521 526 531 535 536 538 541 542 546 559 560 561 
516        562 564 565 566 568 569 574 575 576 577 579 593 596 598 599 
516        621 623 624 625 626 627 628 629 644 647 656 658 663 671 674 
516        676 677 678 679 681 682 683 684 686 691 692 694 731 733 735 
516        739 741 742 745 746 747 752 753 755 756 759 763 764 766 767 
516        773 775 781 783 785 789 791 794 795 796 797 798 799 822 823 
516        824 825 826 829 832 842 844 845 847 867 868 869 872 873 876 
516        877 883 887 889 890 897 921 922 926 931 932 933 934 935 937 
516        938 939 942 943 944 949 997 

Number of exchanges: 187


718        200 204 209 217 221 224 225 229 230 232 233 234 235 236 237 
718        238 240 241 244 247 248 251 252 253 256 257 258 259 260 261 
718        262 263 265 266 267 268 270 271 272 273 274 275 276 277 278 
718        279 282 284 287 291 296 297 317 318 321 322 326 327 330 331 
718        332 335 336 337 338 339 341 342 343 345 346 347 349 351 352 
718        353 354 356 357 358 359 360 361 363 366 370 372 373 375 376 
718        377 380 381 383 384 385 386 387 388 389 390 392 395 397 398 
718        403 417 421 423 424 426 428 429 434 435 436 438 439 441 442 
718        443 444 445 446 447 448 449 451 452 453 454 455 456 457 458 
718        459 461 462 463 464 465 467 468 469 470 471 474 476 478 479 
718        480 481 482 485 486 489 492 493 494 495 497 498 499 507 520 
718        522 523 525 526 527 528 529 531 533 539 541 544 545 552 557 
718        565 571 574 575 591 592 596 599 604 615 622 624 625 626 627 
718        628 629 630 631 632 633 634 636 638 639 641 642 643 644 645 
718        646 647 648 649 651 656 657 658 659 667 670 672 680 692 693 
718        694 698 699 706 712 720 721 723 726 727 728 729 735 738 739 
718        740 743 745 746 748 754 755 756 760 761 762 763 764 767 768 
718        769 771 773 774 776 778 779 780 782 783 784 786 788 789 793 
718        797 802 803 805 816 821 826 827 830 831 832 833 834 835 836 
718        837 843 845 846 847 848 849 851 852 853 854 855 856 857 858 
718        859 868 871 875 876 883 886 891 894 895 896 897 898 899 917 
718        919 921 922 927 932 934 935 937 938 939 941 942 945 946 948 
718        949 951 953 955 956 961 962 963 965 966 967 968 969 972 977 
718        978 979 981 983 984 987 990 995 996 997 998 999 

Number of exchanges: 357


914        235 237 251 253 270 282 285 286 287 288 289 321 328 332 333 
914        335 337 345 347 375 376 378 381 390 391 395 397 422 423 428 
914        472 476 478 523 524 576 591 592 631 632 633 636 641 642 644 
914        654 662 664 665 667 668 674 681 682 683 684 686 693 694 696 
914        697 698 699 721 723 725 738 761 768 771 776 779 784 789 792 
914        793 833 834 835 899 921 925 933 934 935 937 939 946 948 949 
914        961 963 964 965 967 968 969 993 997 

Number of exchanges: 99

------------------------------------------------------------------------

Outdial Site: D/OHCLE

216        221 226 228 229 231 232 234 235 236 237 238 241 243 247 248 
216        249 251 252 261 265 266 267 268 271 278 281 283 289 291 292 
216        295 299 321 328 331 333 338 341 344 348 349 351 356 361 362 
216        363 368 371 381 382 383 389 391 397 398 421 423 425 429 431 
216        432 433 439 441 442 443 444 445 446 447 449 451 459 461 463 
216        464 467 468 469 471 473 475 476 479 481 486 487 491 521 522 
216        523 524 526 529 531 541 543 561 562 566 572 574 575 578 579 
216        581 582 585 586 587 589 591 621 622 623 631 634 641 642 646 
216        651 656 659 661 662 663 664 671 676 681 687 689 691 692 694 
216        696 721 728 729 731 732 734 736 737 741 749 751 752 754 761 
216        765 766 771 777 779 781 789 791 795 822 826 831 835 838 842 
216        843 844 845 851 861 871 881 883 884 885 886 888 891 892 899 
216        921 931 932 941 942 943 944 946 951 953 961 975 987 991 995 

Number of exchanges: 195

------------------------------------------------------------------------

Outdial Site: D/OHCOL

614        221 222 223 224 225 227 228 229 231 235 236 237 238 239 243 
614        248 249 251 252 253 258 261 262 263 265 267 268 271 272 274 
614        275 276 278 279 281 288 291 292 293 294 296 297 299 325 329 
614        337 338 341 351 361 365 371 395 421 424 431 433 436 438 442 
614        443 444 445 447 451 457 459 460 461 462 463 464 466 469 471 
614        475 476 478 479 481 486 487 488 491 492 497 523 538 548 575 
614        621 644 645 752 755 756 759 761 764 766 771 777 785 786 791 
614        792 793 794 821 833 836 837 841 842 846 847 848 851 852 855 
614        860 861 863 864 866 868 870 871 875 876 877 878 879 881 882 
614        885 888 889 890 891 895 898 899 927 964 965 

Number of exchanges: 146

------------------------------------------------------------------------

Outdial Site: D/ORPOR

503        220 221 222 223 224 225 226 227 228 229 230 231 232 233 234 
503        235 236 237 238 239 240 241 242 243 244 245 246 248 249 250 
503        251 252 253 254 255 256 257 273 274 275 279 280 281 282 283 
503        284 285 286 287 288 289 291 292 293 294 295 297 299 323 324 
503        326 335 357 359 452 464 526 591 620 621 624 625 626 627 628 
503        629 630 631 632 635 636 637 638 639 640 641 642 643 644 645 
503        646 647 648 649 650 652 653 654 655 656 657 658 659 661 663 
503        665 666 667 668 669 677 681 682 684 685 690 691 692 693 694 
503        695 696 697 698 721 731 733 760 761 771 774 775 777 778 781 
503        789 790 796 936 976 985 

Number of exchanges: 141

------------------------------------------------------------------------

Outdial Site: D/PAPHI

215        221 222 223 224 225 226 227 228 229 231 232 233 235 236 237 
215        238 241 242 243 244 245 246 247 248 254 259 260 263 265 270 
215        271 272 275 276 277 278 279 280 281 283 284 288 289 291 293 
215        299 324 328 329 330 331 332 333 334 335 336 337 338 339 341 
215        342 349 350 351 352 353 354 356 359 365 379 382 386 387 389 
215        422 423 424 425 426 427 438 440 446 447 448 449 450 452 455 
215        456 457 460 461 462 463 464 465 466 467 468 470 471 472 473 
215        474 476 477 480 482 483 485 487 490 492 494 496 497 499 520 
215        521 522 523 525 526 527 528 531 532 533 534 535 537 539 540 
215        542 543 544 545 546 548 549 551 552 553 557 560 561 563 564 
215        565 566 567 568 569 570 572 573 574 576 577 578 580 581 583 
215        585 586 587 590 591 592 595 596 597 620 621 622 623 624 625 
215        626 627 628 629 630 631 632 634 635 636 637 638 639 641 642 
215        643 645 646 649 653 657 659 660 662 663 664 665 667 668 671 
215        673 676 677 680 684 685 686 687 688 690 697 698 722 724 725 
215        726 727 728 729 732 734 735 737 739 742 743 744 745 747 748 
215        751 753 755 761 763 765 768 769 782 784 786 787 789 790 823 
215        824 825 828 829 830 831 833 834 835 836 839 840 841 842 843 
215        844 846 848 849 851 853 854 864 870 871 872 874 875 876 877 
215        878 879 880 881 884 885 886 887 891 892 893 894 895 896 897 
215        898 899 920 922 923 924 925 927 928 930 931 934 936 937 938 
215        940 941 947 951 952 955 960 961 962 963 964 969 971 972 973 
215        975 977 978 980 981 985 986 988 990 991 998 

Number of exchanges: 341

------------------------------------------------------------------------

Outdial Site: D/PAPIT

412        200 221 227 231 232 234 236 237 241 242 243 244 247 255 256 
412        257 261 262 263 264 268 269 271 273 276 279 281 288 298 321 
412        322 323 328 331 333 338 341 343 344 351 355 359 361 362 363 
412        364 365 366 367 369 371 372 373 374 381 389 391 392 393 394 
412        421 422 427 429 431 433 434 441 442 456 461 462 464 466 469 
412        471 472 476 481 486 487 488 491 492 497 521 531 551 553 561 
412        562 563 565 566 571 572 578 594 621 622 623 624 633 636 642 
412        644 645 647 648 653 655 661 664 665 672 673 674 675 678 681 
412        682 683 687 692 699 731 734 741 747 749 751 754 761 762 765 
412        766 767 771 777 778 781 782 784 787 788 793 795 798 821 822 
412        823 824 825 826 828 829 831 833 835 840 854 855 856 858 859 
412        881 882 884 885 889 892 921 922 923 928 931 936 937 939 961 
412        963 967 

Number of exchanges: 182

------------------------------------------------------------------------

Outdial Site: D/TNMEM

601        342 349 393 781 851 

Number of exchanges: 5


901        227 272 274 276 278 320 323 324 325 327 332 344 345 346 348 
901        353 357 358 360 362 363 365 366 367 368 369 371 372 373 375 
901        377 382 385 386 387 388 395 396 397 398 452 454 458 465 475 
901        476 483 484 485 486 521 522 523 524 525 526 527 528 529 531 
901        532 533 535 543 544 572 575 576 577 578 579 597 654 678 681 
901        682 683 684 685 721 722 725 726 728 729 743 744 745 747 748 
901        752 753 754 755 756 757 758 761 762 763 765 766 767 774 775 
901        785 789 794 795 797 829 853 854 867 872 873 876 877 922 942 
901        946 947 948 976 

Number of exchanges: 124

------------------------------------------------------------------------

Outdial Site: D/TXAUS

512        218 219 243 244 247 250 251 255 258 259 261 263 264 266 267 
512        272 276 280 282 288 292 320 322 323 326 327 328 329 331 335 
512        338 339 343 345 346 356 369 370 371 385 386 388 389 390 397 
512        403 416 422 440 441 442 443 444 445 447 448 450 451 452 453 
512        454 458 459 461 462 463 465 467 469 471 472 473 474 475 476 
512        477 478 479 480 482 483 495 499 750 794 823 832 834 835 836 
512        837 838 860 867 870 873 891 892 926 928 929 940 941 973 984 
512        990 

Number of exchanges: 106

------------------------------------------------------------------------

Outdial Site: D/TXDAL

214        202 203 204 205 212 216 217 218 219 220 221 222 223 224 225 
214        226 227 228 229 230 231 233 234 235 238 239 240 241 242 243 
214        244 245 246 247 248 249 250 251 252 253 254 255 256 257 258 
214        259 260 262 263 264 266 269 270 271 272 275 276 278 279 281 
214        284 285 286 287 288 289 290 291 293 296 298 299 301 302 303 
214        305 306 307 308 309 313 314 315 316 317 318 319 320 321 323 
214        324 327 328 330 331 332 333 336 337 339 340 341 343 348 349 
214        350 351 352 353 357 358 360 361 363 368 369 371 372 373 374 
214        375 376 380 381 384 385 386 387 388 391 392 393 394 397 398 
214        399 401 402 403 404 406 407 412 413 414 416 417 418 420 421 
214        422 423 424 426 428 434 436 437 438 441 442 443 444 445 446 
214        450 453 456 458 462 464 466 470 471 475 480 484 487 490 492 
214        494 495 497 502 503 504 506 508 513 514 516 517 518 519 520 
214        521 522 526 528 530 533 539 541 550 553 554 556 557 558 559 
214        565 570 573 574 575 578 579 580 590 591 594 596 601 602 603 
214        604 605 606 607 608 609 612 613 615 616 618 620 621 630 631 
214        634 637 638 641 642 644 647 650 651 653 655 658 659 660 661 
214        669 670 676 680 681 686 688 689 690 691 692 696 698 699 701 
214        702 704 705 706 707 708 709 712 713 714 715 716 717 718 720 
214        721 724 727 733 739 740 741 742 744 745 746 747 748 749 750 
214        751 754 760 761 767 770 771 780 781 783 787 788 790 791 799 
214        804 808 812 815 818 819 820 821 823 824 826 827 828 830 840 
214        841 844 850 851 855 864 867 869 871 879 880 881 888 890 891 
214        902 904 905 907 909 913 917 918 919 920 922 929 931 933 934 
214        939 941 942 943 944 946 948 949 951 952 953 954 956 957 960 
214        964 969 977 978 979 980 985 986 987 988 991 992 993 995 996 
214        997 999 

Number of exchanges: 392


817        261 265 267 268 273 329 355 356 366 379 421 424 425 429 430 
817        432 449 450 461 467 469 475 477 481 498 530 540 543 572 577 
817        588 589 640 654 667 671 679 695 784 792 832 856 884 890 922 
817        925 929 930 961 962 963 967 

Number of exchanges: 52

------------------------------------------------------------------------

Outdial Site: D/TXHOU

713        200 220 221 222 223 224 225 226 227 228 229 230 233 235 236 
713        237 238 240 241 242 244 246 247 252 253 254 261 263 264 265 
713        266 267 268 269 270 271 272 274 277 278 280 282 283 284 285 
713        286 287 289 293 295 320 324 326 328 331 332 333 334 335 336 
713        337 338 339 341 342 343 346 347 350 351 353 354 355 356 358 
713        359 360 363 364 367 370 371 373 374 376 377 378 383 388 390 
713        391 392 393 394 395 420 421 422 424 425 426 427 428 431 432 
713        433 434 436 437 438 439 440 441 442 443 444 445 446 447 448 
713        449 450 451 452 453 454 455 456 457 458 459 460 461 462 463 
713        464 465 466 467 468 469 470 471 472 473 474 475 476 477 478 
713        479 480 481 482 483 484 485 486 487 488 489 490 491 492 493 
713        494 495 496 497 498 499 520 521 522 523 524 525 526 527 528 
713        529 530 531 535 536 537 540 541 542 546 547 548 549 550 551 
713        552 556 558 561 563 565 568 571 575 577 578 579 580 583 584 
713        586 587 588 589 590 591 596 599 620 621 622 623 626 627 629 
713        630 631 633 635 636 639 640 641 643 644 645 649 650 651 652 
713        653 654 655 656 657 658 659 660 661 662 663 664 665 666 667 
713        668 669 670 671 672 673 674 675 676 678 679 680 681 682 683 
713        684 685 686 688 690 691 692 694 695 696 697 699 720 721 723 
713        726 728 729 731 732 733 734 738 739 741 744 746 747 748 749 
713        750 751 752 753 754 757 758 759 761 762 763 764 765 768 769 
713        771 772 774 775 776 777 778 779 780 781 782 783 784 785 786 
713        787 788 789 790 791 792 793 794 795 796 797 798 799 820 821 
713        822 823 824 825 826 827 828 829 831 833 834 835 836 840 841 
713        842 844 845 846 847 850 852 853 854 855 856 857 858 859 861 
713        862 863 864 865 866 867 868 869 870 871 872 873 874 875 876 
713        877 878 879 880 882 883 884 886 888 890 891 892 893 894 895 
713        896 897 898 899 920 921 922 923 924 926 928 929 930 931 932 
713        933 935 937 938 939 940 941 943 944 946 947 948 951 952 953 
713        954 955 956 957 960 961 963 964 965 966 967 968 969 971 972 
713        973 974 975 977 978 980 981 983 984 985 986 987 988 989 991 
713        992 993 995 996 997 998 999 

Number of exchanges: 472

------------------------------------------------------------------------

Outdial Site: D/UTSLC

801        220 237 240 250 251 252 254 255 261 262 263 264 265 266 268 
801        269 272 273 277 278 287 292 295 298 299 321 322 328 350 355 
801        359 363 364 366 451 460 461 466 467 468 480 481 482 483 484 
801        485 486 487 488 521 522 524 526 530 531 532 533 534 535 536 
801        537 538 539 543 544 546 547 549 561 562 565 566 569 570 571 
801        572 573 575 576 578 579 580 581 582 583 584 585 588 594 595 
801        596 633 799 933 942 943 944 947 964 965 966 967 968 969 972 
801        973 974 975 977 

Number of exchanges: 109

------------------------------------------------------------------------

Outdial Site: D/WASEA

206        223 224 226 227 228 232 233 234 235 236 237 241 242 243 244 
206        246 248 251 255 271 277 281 282 283 284 285 286 287 292 296 
206        298 320 322 323 324 325 326 328 329 340 343 344 345 346 358 
206        361 362 363 364 365 367 368 382 386 389 391 392 393 394 395 
206        421 431 432 433 439 441 442 443 447 448 451 453 454 455 461 
206        462 464 467 477 481 483 485 486 487 488 489 522 523 524 525 
206        526 527 528 542 543 544 545 546 547 548 554 557 562 575 583 
206        585 587 621 622 623 624 625 626 628 630 631 632 633 634 635 
206        637 639 641 643 644 646 649 654 655 656 657 661 662 667 670 
206        672 682 684 685 720 721 722 723 725 726 727 728 742 743 744 
206        745 746 747 762 763 764 767 768 771 772 773 774 775 776 778 
206        781 782 783 784 787 788 789 820 821 822 823 824 827 828 836 
206        838 839 842 850 852 854 859 861 865 867 868 869 870 872 874 
206        878 880 881 882 883 885 889 930 932 933 935 936 937 938 940 
206        941 946 947 948 949 953 954 955 965 969 972 977 979 982 986 
206        989 991 993 994 995 996 997 998 999 

Number of exchanges: 234

------------------------------------------------------------------------

Outdial Site: D/WIMIL

414        221 222 223 224 225 226 227 228 229 237 241 242 243 246 251 
414        252 253 254 255 256 257 258 259 263 264 265 266 271 272 273 
414        274 276 277 278 281 282 283 287 288 289 291 297 298 299 321 
414        322 323 327 332 341 342 343 344 345 347 351 352 353 354 355 
414        357 358 359 362 365 367 372 374 375 377 382 383 384 385 421 
414        422 423 425 427 438 442 444 445 447 449 453 454 461 462 463 
414        464 466 471 475 476 481 482 483 486 491 521 523 524 527 529 
414        535 536 538 541 542 543 544 545 546 547 548 549 562 575 579 
414        581 643 645 647 649 662 663 671 672 678 679 691 744 747 761 
414        762 764 765 768 769 771 774 778 781 782 783 784 785 786 789 
414        791 792 796 797 798 799 821 835 844 871 873 874 881 896 931 
414        933 935 936 937 941 955 961 962 963 964 966 

Number of exchanges: 176

                                                                           