04/18/91                     Z3HELP Libraries                      Bill Tishey

   It's been six months since the first release of this list of  Z3HELP files.
This one includes updates up to and including Z3HELP38.LBR.  -Bill T.

10/15/90

   This list, an edited output of LDIR-B, should help users to determine which
files they're missing or need to update.   Sorry for the scattered datestamps,
but, as you might notice,  it was late 1988 before I got a real-time clock for
my system...  The same caveat applies for Z3HELP as to ZFILEVxx.LST - a corpus
of the size and detail of the Z3HELP LBRs is bound to contain errors here  and
there.  I catch some as I come across them, but must rely on others,  as well,
to point them out.  Some feedback  would  be  very  appreciated.   I'd also be
interested in hearing how people are using the Z3HELP LBRs.  Do they meet your
needs?   How might they be  improved?   Drop me a  message on Jay Sage's board
(617-965-7259), or feel free to call me direct  (301-551-5082) or write  (8335
Dubbs Dr, Severn, MD 21144).  -Bill T.


 Library File = A       .LBR    71k   (23 files)             
   Name           Length     Method   Cre Date   Mod Date       Comments
============   ====-======= ========  =========  =========  =================
A       .HZP     4r   0.50k Crunched  13 Feb 91  13 Feb 91  A-help 2/13/91
ABORT   .HZP     5r   0.62k Crunched  -- --- --  -- --- --  a-help 6/12/88
AC      .HZP    10r   1.25k Crunched  -- --- --  -- --- --  a-help 6/12/88
ACMD    .HZP     6r   0.75k Crunched  -- --- --  -- --- --  a-help 6/12/88
ACOPY   .HZP    82r  10.25k Crunched  20 Jan 91  21 Jan 91  A-help 1/20/91
ACOPY1  .HZP    12r   1.50k Crunched  21 Jan 91  21 Jan 91  A-help 1/20/91
ACREATE .HZP     9r   1.12k Crunched  -- --- --  -- --- --  a-help 6/12/88
ADIR    .HZP    38r   4.75k Crunched  24 Sep 89  24 Sep 89  A-help 9/24/89
AFIND   .HZP     5r   0.62k Crunched  -- --- --  -- --- --  a-help 6/12/88
ALIAS   .HZP    24r   3.00k Crunched  10 Nov 90  10 Nov 90  A-help 11/9/90
ALIAS1  .HZP    57r   7.12k Crunched  10 Nov 90  10 Nov 90  A-help 11/9/90
ANY4    .HZP    13r   1.62k Crunched  -- --- --  -- --- --  A-help 11/15/88
ARRAY0  .HZP    25r   3.12k Crunched  08 Dec 90  08 Dec 90  (--> ARRAY0.HLP)
ARRAY1  .HZP    22r   2.75k Crunched  08 Dec 90  08 Dec 90  (--> ARRAY1.HLP)
ARRAY2  .HZP    14r   1.75k Crunched  08 Dec 90  08 Dec 90  (--> ARRAY2.HLP)
ARRAY3  .HZP    20r   2.50k Crunched  08 Dec 90  08 Dec 90  (--> ARRAY3.HLP)
ARRAYLIB.HZP    41r   5.12k Crunched  06 Jan 91  06 Jan 91  A-help 1/6/91
ARRAYS  .HZP    15r   1.87k Crunched  08 Dec 90  08 Dec 90  (--> ARRAYS.HLP)
ARUNZ   .HZP    48r   6.00k Crunched  -- --- --  -- --- --  a-help 6/12/88
ARUNZ1  .HZP    13r   1.62k Crunched  12 Oct 90  12 Oct 90  A-help 10/12/90
ARUNZ2  .HZP    61r   7.62k Crunched  20 Jun 89  20 Jun 89  A-help 6/20/89
ASK     .HZP    19r   2.37k Crunched  18 Feb 91  18 Feb 91  A-help 2/18/91
AT      .HZP     5r   0.62k Crunched  -- --- --  -- --- --  a-help 6/12/88

 Library File = B       .LBR    47k   (15 files)
   Name           Length     Method   Cre Date   Mod Date       Comments
============   ====-======= ========  =========  =========  =================
B       .HZP     4r   0.50k Crunched  13 Feb 91  13 Feb 91  B-help 2/13/91
BA      .HZP    43r   5.37k Crunched  10 May 89  10 May 89  B-help 5/10/89
BA1     .HZP    15r   1.87k Crunched  10 May 89  10 May 89  B-help 5/10/89
BALIAS  .HZP     5r   0.62k Crunched  -- --- --  -- --- --  b-help 6/12/88
BCOMP   .HZP    33r   4.12k Crunched  13 Jun 89  14 Jun 89  B-help 6/13/89
BCOMP1  .HZP    54r   6.75k Crunched  07 May 90  07 May 90  B-help 5/7/9
BG      .HZP    50r   6.25k Crunched  -- --- --  -- --- --  b-help 6/12/88
BGHIST  .HZP    15r   1.87k Crunched  -- --- --  -- --- --  b-help 6/12/88
BGHIST1 .HZP     7r   0.87k Crunched  -- --- --  -- --- --  b-help 6/12/88
BGII    .HZP     4r   0.50k Crunched  -- --- --  -- --- --  b-help 6/12/88
BGINFO  .HZP    46r   5.75k Crunched  -- --- --  -- --- --  b-help 6/12/88
BITMATH .HZP    17r   2.12k Crunched  01 Nov 89  01 Nov 89  (--> BITMATH.HLP)
BITMATH1.HZP     6r   0.75k Crunched  06 Jan 91  06 Jan 91  B-help 1/6/91
BPRINTER.HZP    18r   2.25k Crunched  12 Oct 90  13 Oct 90  B-help 10/12/90
BU      .HZP    50r   6.25k Crunched  13 Feb 91  13 Feb 91  B-help 2/13/91

 Library File = C       .LBR    60k   (31 files)
   Name           Length     Method   Cre Date   Mod Date       Comments
============   ====-======= ========  =========  =========  =================
C       .HZP     6r   0.75k Crunched  08 Oct 90  08 Oct 90  C-help 10/8/90
CALC    .HZP     7r   0.87k Crunched  -- --- --  -- --- --  c-help 6/12/88
CD      .HZP    30r   3.75k Crunched  07 Oct 89  07 Oct 89  C-help 10/7/89
CFGLIB  .HZP    40r   5.00k Crunched  15 Nov 89  15 Nov 89  C-help 11/15/89
CFGLIB1 .HZP     3r   0.37k Crunched  15 Nov 89  15 Nov 89  C-help 11/15/89
CHKDIR  .HZP    24r   3.00k Crunched  08 Oct 90  08 Oct 90  C-help 10/8/90
CL      .HZP    10r   1.25k Crunched  09 Oct 89  09 Oct 89  C-help 10/9/89
CLEANDIR.HZP    10r   1.25k Crunched  -- --- --  -- --- --  c-help 6/12/88
CLED    .HZP    14r   1.75k Crunched  09 Oct 89  09 Oct 89  C-help 10/9/89
CLRCST  .HZP     9r   1.12k Crunched  07 Mar 89  07 Mar 89  C-help 3/7/89
CLRRSX  .HZP    13r   1.62k Crunched  -- --- --  -- --- --  c-help 6/12/88
CMD     .HZP    14r   1.75k Crunched  -- --- --  -- --- --  C-help 8/29/88
CMDRUN  .HZP    13r   1.62k Crunched  -- --- --  -- --- --  c-help 6/12/88
CNTLH   .HZP    14r   1.75k Crunched  20 Sep 89  20 Sep 89  C-help 9/20/89
COMIF   .HZP     6r   0.75k Crunched  -- --- --  -- --- --  c-help 6/12/88
COMMENT .HZP     8r   1.00k Crunched  -- --- --  -- --- --  c-help 6/12/88
COMP    .HZP    18r   2.25k Crunched  -- --- --  -- --- --  c-help 6/12/88
COMP1   .HZP    11r   1.37k Crunched  -- --- --  -- --- --  c-help 6/12/88
CONCAT  .HZP    62r   7.75k Crunched  03 Feb 91  08 Feb 91  C-help 2/9/91
COPY    .HZP    22r   2.75k Crunched  17 Sep 89  17 Sep 89  C-help 9/17/89
CP      .HZP     6r   0.75k Crunched  -- --- --  -- --- --  c-help 6/12/88
CPA     .HZP    19r   2.37k Crunched  26 Feb 89  26 Feb 89  C-help 2/25/89
CPSEL   .HZP     7r   0.87k Crunched  -- --- --  -- --- --  c-help 6/12/88
CPSET   .HZP    14r   1.75k Crunched  05 Nov 90  05 Nov 90  C-help 11/5/90
CPUTEST .HZP     4r   0.50k Crunched  -- --- --  -- --- --  C-help 8/22/88
CRC     .HZP     7r   0.87k Crunched  -- --- --  -- --- --  c-help 6/12/88
CRCZ    .HZP    40r   5.00k Crunched  24 Jun 90  24 Jun 90  C-help 6/24/90
CRINSTAL.HZP     6r   0.75k Crunched  -- --- --  -- --- --  c-help 6/12/88
CSHELL  .HLP     4r   0.50k  Stored   -- --- --  -- --- --  
CSWEEP  .HZP    17r   2.12k Crunched  -- --- --  -- --- --  C-help 9/25/88
CVIDLIB .HZP     6r   0.75k Crunched  -- --- --  -- --- --  c-help 6/12/88

 Library File = D       .LBR    90k   (33 files)
   Name           Length     Method   Cre Date   Mod Date       Comments
============   ====-======= ========  =========  =========  =================
D       .HZP     6r   0.75k Crunched  18 Feb 91  18 Feb 91  D-help 2/18/91
D1      .HZP    57r   7.12k Crunched  14 Sep 90  21 Sep 90  D-help 9/21/90
DA      .HZP    34r   4.25k Crunched  15 Feb 91  15 Feb 91  D-help 2/15/91
DATEFN  .HZP    15r   1.87k Crunched  27 Jan 91  27 Jan 91  D-help 1/27/91
DATEFN1 .HZP     6r   0.75k Crunched  27 Jan 91  27 Jan 91  D-help 1/27/91
DATSTP  .HZP    38r   4.75k Crunched  10 Oct 90  10 Oct 90  D-help 10/10/90
DCREATE .HZP     5r   0.62k Crunched  -- --- --  -- --- --  d-help 6/12/88
DD      .HZP     8r   1.00k Crunched  -- --- --  -- --- --  d-help 6/12/88
DD17    .HZP    36r   4.50k Crunched  -- --- --  -- --- --  d-help 6/12/88
DEBUG   .HZP     7r   0.87k Crunched  17 Oct 90  17 Oct 90  D-help 10/16/90
DETABZ  .HZP    20r   2.50k Crunched  29 Nov 90  29 Nov 90  D-help 11/28/90
DEV     .HZP    10r   1.25k Crunched  13 Oct 90  13 Oct 90  (--> DEV.HLP)
DEVICE  .HZP     6r   0.75k Crunched  -- --- --  -- --- --  d-help 6/12/88
DFA     .HZP     5r   0.62k Crunched  -- --- --  -- --- --  d-help 6/12/88
DIFF    .HZP    42r   5.25k Crunched  26 Feb 89  26 Feb 89  D-help 2/25/89
DIR     .HZP     5r   0.62k Crunched  -- --- --  -- --- --  d-help 6/12/88
DIRATR  .HZP     6r   0.75k Crunched  30 Jul 89  30 Jul 89  D-help 7/30/89
DIRCOM  .HZP     6r   0.75k Crunched  -- --- --  -- --- --  d-help 6/12/88
DISKRST .HLP     4r   0.50k  Stored   -- --- --  -- --- --  
DMAP    .HZP     6r   0.75k Crunched  -- --- --  -- --- --  D-help 7/6/88
DOSERR  .HZP     3r   0.37k Crunched  -- --- --  -- --- --  D-help 7/6/88
DOSVER  .HZP     3r   0.37k Crunched  -- --- --  -- --- --  D-help 9/5/88
DPROG   .HZP    32r   4.00k Crunched  -- --- --  -- --- --  d-help 6/12/88
DPROG1  .HZP     8r   1.00k Crunched  -- --- --  -- --- --  d-help 6/12/88
DRO     .HZP     3r   0.37k Crunched  -- --- --  -- --- --  D-help 7/6/88
DSCRESAV.HZP     6r   0.75k Crunched  -- --- --  -- --- --  d-help 6/12/88
DSKMAP  .HZP    11r   1.37k Crunched  18 Feb 91  18 Feb 91  D-help 2/18/91
DSKNUM  .HZP    50r   6.25k Crunched  10 Oct 90  10 Oct 90  D-help 10/10/90
DSLIB   .HZP    89r  11.12k Crunched  13 Jan 91  13 Jan 91  D-help 1/12/91
DSLIB1  .HZP    20r   2.50k Crunched  13 Jan 91  13 Jan 91  D-help 1/12/91
DU3     .HZP   140r  17.50k Crunched  -- --- --  -- --- --  d-help 6/12/88
DU31    .HZP    11r   1.37k Crunched  -- --- --  -- --- --  d-help 6/12/88
DUMP    .HZP     6r   0.75k Crunched  -- --- --  -- --- --  d-help 6/12/88

 Library File = E       .LBR    34k   (18 files)
   Name           Length     Method   Cre Date   Mod Date       Comments
============   ====-======= ========  =========  =========  =================
E       .HZP     5r   0.62k Crunched  05 Oct 90  05 Oct 90  E-help 10/5/90
EASE    .HZP    17r   2.12k Crunched  -- --- --  -- --- --  e-help 6/12/88
ECHO    .HLP     5r   0.62k  Stored   -- --- --  -- --- --  
ECHOCOM .HZP    26r   3.25k Crunched  27 Nov 90  27 Nov 90  E-help 11/27/90
EDITND  .HZP    22r   2.75k Crunched  -- --- --  -- --- --  E-help 11/23/88
ELSE    .HZP     4r   0.50k Crunched  -- --- --  -- --- --  e-help 6/12/88
ENVSRC  .HZP    11r   1.37k Crunched  05 Oct 90  05 Oct 90  E-help 10/5/90
ERA     .HZP     7r   0.87k Crunched  -- --- --  -- --- --  e-help 6/12/88
ERACOM  .HLP     5r   0.62k  Stored   -- --- --  -- --- --  
ERADIR  .HLP     4r   0.50k  Stored   -- --- --  -- --- --  
ERASE   .HZP    33r   4.12k Crunched  10 Nov 90  10 Nov 90  E-help 11/9/90
ERAZ    .HZP    42r   5.25k Crunched  27 Jan 91  27 Jan 91  E-help 1/27/91
ERAZ1   .HZP    16r   2.00k Crunched  27 Jan 91  27 Jan 91  E-help 1/27/91
ERROR   .HZP    15r   1.87k Crunched  -- --- --  -- --- --  E-help 9/9/88
ERRORX  .HZP     4r   0.50k Crunched  -- --- --  -- --- --  e-help 6/12/88
ERRSET  .HZP     5r   0.62k Crunched  -- --- --  -- --- --  e-help 6/12/88
EXFIND  .HZP    22r   2.75k Crunched  26 May 90  26 May 90  E-help 5/26/90
EXTEND  .HZP    15r   1.87k Crunched  16 Mar 90  16 Mar 90  E-help 3/15/90

 Library File = F       .LBR    40k   (16 files)
   Name           Length     Method   Cre Date   Mod Date       Comments
============   ====-======= ========  =========  =========  =================
F       .HZP     4r   0.50k Crunched  23 Mar 91  23 Mar 91  F-help 3/23/91
FCP     .HZP    10r   1.25k Crunched  -- --- --  -- --- --  f-help 6/12/88
FF      .HZP    43r   5.37k Crunched  03 Feb 91  03 Feb 91  F-help 2/3/91
FI      .HZP     4r   0.50k Crunched  -- --- --  -- --- --  f-help 6/12/88
FILEATTR.HZP    20r   2.50k Crunched  30 Dec 88  30 Dec 88  F-help 12/30/88
FILEDATE.HZP    25r   3.12k Crunched  17 Sep 89  17 Sep 89  F-help 9/17/89
FILESZ  .HZP    22r   2.75k Crunched  31 Mar 91  31 Mar 91  F-help 4/1/91
FINDERR .HZP    20r   2.50k Crunched  -- --- --  -- --- --  f-help 6/12/88
FINDERR1.HZP     4r   0.50k Crunched  -- --- --  -- --- --  f-help 6/12/88
FINDF   .HZP     8r   1.00k Crunched  -- --- --  -- --- --  f-help 6/12/88
FINREP  .HZP    35r   4.37k Crunched  -- --- --  -- --- --  f-help 6/12/88
FINREP1 .HZP    12r   1.50k Crunched  -- --- --  -- --- --  f-help 6/12/88
FIXT&D  .HZP     5r   0.62k Crunched  30 Jul 89  30 Jul 89  F-help 7/30/89
FOR     .HZP    13r   1.62k Crunched  01 Dec 89  01 Dec 89  F-help 12/01/89
FOR-NEXT.HZP    51r   6.37k Crunched  05 Mar 89  05 Mar 89  F-help 3/5/89
FSPLIT  .HZP    30r   3.75k Crunched  13 Jan 91  13 Jan 91  F-help 1/12/91

 Library File = G       .LBR    10k   (6 files)
   Name           Length     Method   Cre Date   Mod Date       Comments
============   ====-======= ========  =========  =========  =================
G       .HZP     3r   0.37k Crunched  11 Mar 90  11 Mar 90  G-help 3/11/90
GET     .HZP     4r   0.50k Crunched  -- --- --  -- --- --  g-help 6/12/88
GETVAR  .HZP    27r   3.37k Crunched  17 Sep 89  17 Sep 89  G-help 9/17/89
GF      .HZP    11r   1.37k Crunched  14 May 89  14 May 89  G-help 5/14/89
GO      .HZP     8r   1.00k Crunched  -- --- --  -- --- --  g-help 6/12/88
GOTO    .HZP     9r   1.12k Crunched  16 Nov 89  16 Nov 89  G-help 11/16/89

 Library File = H       .LBR    25k   (12 files)
   Name           Length     Method   Cre Date   Mod Date       Comments
============   ====-======= ========  =========  =========  =================
H       .HZP     4r   0.50k Crunched  24 Feb 91  24 Feb 91  H-help 2/24/91
HELP    .HZP     6r   0.75k Crunched  -- --- --  -- --- --  h-help 6/12/88
HELPC   .HZP     8r   1.00k Crunched  24 Feb 91  24 Feb 91  H-help 2/24/91
HELPC/Q .HZP     7r   0.87k Crunched  -- --- --  -- --- --  h-help 6/12/88
HELPCK  .HZP     5r   0.62k Crunched  -- --- --  -- --- --  h-help 6/12/88
HELPPR  .HZP     7r   0.87k Crunched  -- --- --  -- --- --  h-help 6/12/88
HOLDZ   .HZP     9r   1.12k Crunched  -- --- --  -- --- --  h-help 6/12/88
HP      .HZP     8r   1.00k Crunched  24 Feb 91  24 Feb 91  H-help 2/24/91
HP-RPN  .HZP    31r   3.87k Crunched  18 Feb 91  18 Feb 91  2/24/91 -wat
HP14    .HZP    50r   6.25k Crunched  18 Feb 91  24 Feb 91  H-help 2/24/91
HPRSXIOP.HZP    33r   4.12k Crunched  18 Feb 91  18 Feb 91  H-help 2/24/91
HSH     .HZP    19r   2.37k Crunched  -- --- --  -- --- --  h-help 6/12/88

 Library File = I       .LBR    12k   (6 files)
   Name           Length     Method   Cre Date   Mod Date       Comments
============   ====-======= ========  =========  =========  =================
I       .HZP     3r   0.37k Crunched  11 Mar 90  11 Mar 90  I-help 3/11/90
IF      .HZP    18r   2.25k Crunched  -- --- --  -- --- --  i-help 6/12/88
IFCOM   .HZP    35r   4.37k Crunched  12 Jan 89  24 Jun 89  I-help 6/23/89
IFSTAT  .HZP     5r   0.62k Crunched  -- --- --  -- --- --  i-help 6/12/88
IMP2Z   .HZP    10r   1.25k Crunched  04 Feb 89  04 Feb 89  I-help 2/04/89
IOBUG   .HZP     7r   0.87k Crunched  -- --- --  -- --- --  i-help 6/12/88

 Library File = J       .LBR     7k   (4 files)
   Name           Length     Method   Cre Date   Mod Date       Comments
============   ====-======= ========  =========  =========  =================
J       .HZP     3r   0.37k Crunched  13 Oct 90  13 Oct 90  J-help 10/12/90
JETCP   .HZP    29r   3.62k Crunched  13 Oct 90  13 Oct 90  J-help 10/12/90
JETLDR  .HZP     8r   1.00k Crunched  -- --- --  -- --- --  J-help 9/20/88
JUMP    .HZP     6r   0.75k Crunched  -- --- --  -- --- --  j-help 6/12/88

 Library File = K       .LBR     3k   (2 files)
   Name           Length     Method   Cre Date   Mod Date       Comments
============   ====-======= ========  =========  =========  =================
K       .HZP     3r   0.37k Crunched  11 Mar 90  11 Mar 90  K-help 3/11/90
KEYMAP  .HZP     8r   1.00k Crunched  -- --- --  -- --- --  K-help 3/11/90

 Library File = K       .LBR    52k   (26 files)
   Name           Length     Method   Cre Date   Mod Date       Comments
============   ====-======= ========  =========  =========  =================
L       .HZP     5r   0.62k Crunched  07 Dec 90  07 Dec 90  L-help 12/7/90
LAP     .HZP     7r   0.87k Crunched  -- --- --  -- --- --  l-help 6/12/88
LBREXT  .HZP    20r   2.50k Crunched  18 Oct 90  18 Oct 90  L-help 10/17/90
LBRHLP  .HZP    22r   2.75k Crunched  24 Feb 91  24 Feb 91  L-help 2/24/91
LDIR-B  .HZP    35r   4.37k Crunched  24 Feb 91  24 Feb 91  L-help 2/24/91
LDR     .HZP    18r   2.25k Crunched  -- --- --  -- --- --  l-help 6/12/88
LDSK    .HZP     7r   0.87k Crunched  -- --- --  -- --- --  l-help 6/12/88
LED     .HZP    16r   2.00k Crunched  -- --- --  -- --- --  L-help 9/9/88
LGET    .HZP     7r   0.87k Crunched  -- --- --  -- --- --  l-help 6/12/88
LHELP   .HZP    11r   1.37k Crunched  -- --- --  -- --- --  l-help 6/12/88
LINKPRL .HZP    10r   1.25k Crunched  23 Sep 89  23 Sep 89  L-help 9/24/89
LIST    .HZP     6r   0.75k Crunched  -- --- --  -- --- --  l-help 6/12/88
LISTCMD .HZP     5r   0.62k Crunched  -- --- --  -- --- --  l-help 6/12/88
LISTCOM .HZP     5r   0.62k Crunched  09 Mar 90  09 Mar 90  L-help 3/9/90
LISTTRAP.HZP     4r   0.50k Crunched  15 Mar 89  15 Mar 89  L-help 3/15/89
LLDR    .HZP     6r   0.75k Crunched  -- --- --  -- --- --  l-help 6/12/88
LLF     .HZP     9r   1.12k Crunched  -- --- --  -- --- --  l-help 6/12/88
LOADND  .HZP     6r   0.75k Crunched  -- --- --  -- --- --  l-help 6/12/88
LOCNDO  .HZP    20r   2.50k Crunched  30 Jul 89  30 Jul 89  L-help 7/30/89
LOGGED  .HZP     4r   0.50k Crunched  -- --- --  -- --- --  l-help 6/12/88
LPUT    .HZP    16r   2.00k Crunched  17 Nov 89  17 Nov 89  L-help 11/17/89
LRUNZ   .HLP     5r   0.62k  Stored   -- --- --  -- --- --  
LSH     .HZP    86r  10.75k Crunched  16 Mar 90  16 Mar 90  L-help 3/15/90
LUSH    .HZP    18r   2.25k Crunched  -- --- --  -- --- --  l-help 6/12/88
LUZ3    .HZP    30r   3.75k Crunched  -- --- --  -- --- --  l-help 6/12/88
LX      .HZP    18r   2.25k Crunched  05 Oct 90  05 Oct 90  L-help 10/5/90

 Library File = M       .LBR    36k   (18 files)
   Name           Length     Method   Cre Date   Mod Date       Comments
============   ====-======= ========  =========  =========  =================
M       .HZP     5r   0.62k Crunched  24 Jun 90  24 Jun 90  M-help 6/24/90
M2Z3INS .HZP    14r   1.75k Crunched  -- --- --  -- --- --  M-help 6/14/88
MAKE    .HZP    12r   1.50k Crunched  12 Jan 89  12 Jan 89  M-help 1/12/89
MAKERCP .HZP    15r   1.87k Crunched  -- --- --  -- --- --  M-help 10/9/88
MCAT    .HZP    46r   5.75k Crunched  13 Oct 89  13 Oct 89  M-help 10/13/89
MCOPY   .HZP    19r   2.37k Crunched  -- --- --  -- --- --  m-help 6/12/88
MDU     .HZP    10r   1.25k Crunched  26 Jun 90  26 Jun 90  M-help 6/26/90
MENU    .HZP     9r   1.12k Crunched  -- --- --  -- --- --  m-help 6/12/88
MENUCK  .HZP     6r   0.75k Crunched  -- --- --  -- --- --  m-help 6/12/88
MEX+2Z  .HZP    16r   2.00k Crunched  01 Jan 91  01 Jan 91  M-help 1/1/91
MEX2Z   .HZP    10r   1.25k Crunched  -- --- --  -- --- --  M-help 10/22/88
MKDIR   .HZP    36r   4.50k Crunched  -- --- --  -- --- --  m-help 6/12/88
MKLINE  .HZP     9r   1.12k Crunched  -- --- --  -- --- --  m-help 6/12/88
MOVE    .HZP    16r   2.00k Crunched  13 Dec 89  13 Dec 89  M-help 12/13/89
MTEST   .HZP     6r   0.75k Crunched  12 Mar 89  12 Mar 89  M-help 3/12/89
MU      .HZP     7r   0.87k Crunched  -- --- --  -- --- --  m-help 6/12/88
MU31    .HZP    12r   1.50k Crunched  -- --- --  -- --- --  M-help 8/13/88
MYLOAD  .HZP    24r   3.00k Crunched  06 Jan 91  06 Jan 91  M-help 1/6/91

 Library File = N       .LBR    24k   (10 files)
   Name           Length     Method   Cre Date   Mod Date       Comments
============   ====-======= ========  =========  =========  =================
N       .HZP     4r   0.50k Crunched  13 Oct 90  13 Oct 90  N-help 10/12/90
NAME    .HZP     7r   0.87k Crunched  -- --- --  -- --- --  n-help 6/12/88
NDRS    .HZP    22r   2.75k Crunched  -- --- --  -- --- --  n-help 6/12/88
NHSH    .HZP    16r   2.00k Crunched  -- --- --  -- --- --  n-help 6/12/88
NOTE    .HZP     5r   0.62k Crunched  -- --- --  -- --- --  n-help 6/12/88
NOTECOM .HZP     6r   0.75k Crunched  -- --- --  -- --- --  n-help 6/12/88
NT      .HZP    29r   3.62k Crunched  18 Feb 90  18 Feb 90  N-help 2/18/90
NUKEY   .HZP    63r   7.87k Crunched  -- --- --  -- --- --  N-help 10/12/90
NZBLITZ .HZP    13r   1.62k Crunched  27 Apr 90  27 Apr 90  N-help 4/27/90
NZEX    .HZP     8r   1.00k Crunched  -- --- --  -- --- --  n-help 6/12/88

 Library File = O       .LBR     6k   (2 files)          
   Name           Length     Method   Cre Date   Mod Date       Comments
============   ====-======= ========  =========  =========  =================
O       .HZP     3r   0.37k Crunched  11 Mar 90  11 Mar 90  O-help 3/11/90
OE      .HZP    40r   5.00k Crunched  21 Sep 90  21 Sep 90  O-help 9/21/90

 Library File = P       .LBR    52k   (28 files)
   Name           Length     Method   Cre Date   Mod Date       Comments
============   ====-======= ========  =========  =========  =================
P       .HZP     6r   0.75k Crunched  23 Jan 91  23 Jan 91  P-help 1/23/91
PACK    .HZP    25r   3.12k Crunched  15 Jul 89  15 Jul 89  P-help 7/15/89
PAGE    .HZP    14r   1.75k Crunched  -- --- --  -- --- --  P-help 9/9/88
PARAMS  .HLP     5r   0.62k  Stored   -- --- --  -- --- --  
PATH    .HZP    12r   1.50k Crunched  -- --- --  -- --- --  p-help 6/12/88
PAUSE   .HZP    12r   1.50k Crunched  -- --- --  -- --- --  P-help 9/26/88
PEEK    .HZP     5r   0.62k Crunched  -- --- --  -- --- --  p-help 6/12/88
PEEKCOM .HZP     4r   0.50k Crunched  -- --- --  -- --- --  p-help 6/12/88
PIPE    .HZP    14r   1.75k Crunched  02 Feb 89  02 Feb 89  P-help 2/02/89
PMOVE   .HZP     8r   1.00k Crunched  -- --- --  -- --- --  p-help 6/12/88
POKE    .HZP    12r   1.50k Crunched  -- --- --  -- --- --  p-help 6/12/88
POKECOM .HZP     6r   0.75k Crunched  -- --- --  -- --- --  p-help 6/12/88
PPIP    .HZP    33r   4.12k Crunched  -- --- --  -- --- --  P-help 11/14/88
PRETTY  .HZP    14r   1.75k Crunched  19 Nov 90  19 Nov 90  P-help 11/19/90
PRINT   .HZP    16r   2.00k Crunched  -- --- --  -- --- --  p-help 6/12/88
PRN24PCH.HZP     5r   0.62k Crunched  -- --- --  -- --- --  P-help 7/27/88
PRNTXT  .HZP    58r   7.25k Crunched  -- --- --  -- --- --  P-help 12/15/88
PRNTXT1 .HZP     9r   1.12k Crunched  -- --- --  -- --- --  P-help 12/15/88
PROT    .HZP     7r   0.87k Crunched  -- --- --  -- --- --  p-help 6/12/88
PROTCCP .HZP     6r   0.75k Crunched  -- --- --  -- --- --  p-help 6/12/88
PROTECT .HZP    11r   1.37k Crunched  -- --- --  -- --- --  p-help 6/12/88
PRTASM  .HZP    32r   4.00k Crunched  29 Nov 90  29 Nov 90  P-help 11/28/90
PRTDFLT .HLP     4r   0.50k  Stored   -- --- --  -- --- --  
PRTRLE  .HZP    24r   3.00k Crunched  23 Jan 91  23 Jan 91  P-help 1/23/91
PRTSET  .HLP     4r   0.50k  Stored   -- --- --  -- --- --  
PUBLIC  .HZP    20r   2.50k Crunched  -- --- --  -- --- --  p-help 6/12/88
PUSH    .HZP     7r   0.87k Crunched  -- --- --  -- --- --  P-help 9/12/88
PWD     .HZP    26r   3.25k Crunched  15 Nov 89  15 Nov 89  P-help 11/15/89

 Library File = Q       .LBR    15k   (5 files)
   Name           Length     Method   Cre Date   Mod Date       Comments
============   ====-======= ========  =========  =========  =================
Q       .HZP     3r   0.37k Crunched  27 Apr 90  27 Apr 90  Q-help 4/27/90
QL      .HZP    37r   4.62k Crunched  30 Jan 89  30 Jan 89  Q-help 1/30/89
QLUX    .HZP    38r   4.75k Crunched  27 Apr 90  27 Apr 90  Q-help 4/27/90
QUEUE   .HZP    15r   1.87k Crunched  -- --- --  -- --- --  q-help 6/12/88
QUIET   .HZP    20r   2.50k Crunched  12 Oct 90  12 Oct 90  Q-help 10/11/90

 Library File = R       .LBR    35k   (16 files)
   Name           Length     Method   Cre Date   Mod Date       Comments
============   ====-======= ========  =========  =========  =================
R       .HZP     5r   0.62k Crunched  08 Feb 91  08 Feb 91  R-help 2/8/91
RCOPY   .HZP    13r   1.62k Crunched  05 Oct 90  05 Oct 90  R-help 10/5/90
RCPX    .HZP     4r   0.50k Crunched  -- --- --  -- --- --  R-help 7/3/88
RECORD  .HZP    12r   1.50k Crunched  -- --- --  -- --- --  r-help 6/12/88
RECORDER.HZP    25r   3.12k Crunched  12 Oct 90  13 Oct 90  R-help 10/12/90
RECORDPT.HZP     4r   0.50k Crunched  -- --- --  -- --- --  R-help 11/1/88
REG     .HZP    14r   1.75k Crunched  16 Sep 89  16 Sep 89  R-help 9/16/89
REN     .HZP     6r   0.75k Crunched  -- --- --  -- --- --  r-help 6/12/88
RENAME  .HZP    47r   5.87k Crunched  14 Nov 90  14 Nov 90  R-help 11/14/90
RENAMZ  .HZP    53r   6.62k Crunched  20 Jan 91  20 Jan 91  R-help 1/20/91
RENAMZ1 .HZP    11r   1.37k Crunched  20 Jan 91  20 Jan 91  R-help 1/20/91
RESOLVE .HZP    17r   2.12k Crunched  06 Aug 89  06 Aug 89  R-help 8/6/89
REVFN   .HZP    18r   2.25k Crunched  11 Oct 90  11 Oct 90  R-help 10/11/90
RLIB    .HZP    13r   1.62k Crunched  -- --- --  -- --- --  R-help 12/19/88
ROMAN   .HZP     7r   0.87k Crunched  10 Apr 90  10 Apr 90  R-help 4/10/90
RPEEP   .HZP    13r   1.62k Crunched  -- --- --  -- --- --  r-help 6/12/88

 Library File = S       .LBR    72k   (34 files)
   Name           Length     Method   Cre Date   Mod Date       Comments
============   ====-======= ========  =========  =========  =================
S       .HZP     6r   0.75k Crunched  01 Mar 91  01 Mar 91  S-help 3/1/91
SAK     .HZP     9r   1.12k Crunched  -- --- --  -- --- --  s-help 6/12/88
SALIAS  .HZP    46r   5.75k Crunched  10 Nov 90  10 Nov 90  S-help 11/9/90
SAPZ    .HZP    24r   3.00k Crunched  14 Oct 90  14 Oct 90  S-help 10/14/90
SAVE    .HZP     8r   1.00k Crunched  -- --- --  -- --- --  s-help 6/12/88
SAVE1   .HZP     9r   1.12k Crunched  04 Nov 89  04 Nov 89  S-help 11/4/89
SAVNDR  .HZP    16r   2.00k Crunched  17 Sep 89  17 Sep 89  S-help 9/17/89
SAVSTAMP.HZP     9r   1.12k Crunched  -- --- --  -- --- --  s-help 6/12/88
SCAN    .HZP    68r   8.50k Crunched  05 Oct 90  05 Oct 90  S-help 10/5/90
SCAN1   .HZP    17r   2.12k Crunched  11 Nov 90  11 Nov 90  S-help 11/10/90
SCOPY   .HZP    52r   6.50k Crunched  01 Mar 91  01 Mar 91  S-help 3/1/91
SDZ     .HZP     8r   1.00k Crunched  -- --- --  -- --- --  S-help 6/18/88
SETDZ3  .HZP     7r   0.87k Crunched  -- --- --  -- --- --  s-help 6/12/88
SETFILE .HZP     8r   1.00k Crunched  13 Feb 89  13 Feb 89  S-help 2/12/89
SETPATH .HZP    12r   1.50k Crunched  -- --- --  -- --- --  s-help 6/12/88
SFA     .HZP     5r   0.62k Crunched  -- --- --  -- --- --  S-help 7/9/88
SFILE   .HZP    11r   1.37k Crunched  -- --- --  -- --- --  S-help 10/22/88
SH      .HZP    19r   2.37k Crunched  -- --- --  -- --- --  S-help 9/19/88
SHCTRL  .HZP     9r   1.12k Crunched  -- --- --  -- --- --  S-help 8/29/88
SHDEFINE.HZP     6r   0.75k Crunched  -- --- --  -- --- --  s-help 6/12/88
SHELLINI.HZP     5r   0.62k Crunched  -- --- --  -- --- --  S-help 9/18/88
SHFILE  .HZP     7r   0.87k Crunched  17 Sep 89  17 Sep 89  S-help 9/17/89
SHOW    .HZP    11r   1.37k Crunched  23 Feb 89  23 Feb 89  S-help 2/23/89
SHSET   .HZP    10r   1.25k Crunched  -- --- --  -- --- --  S-help 8/27/88
SHVAR   .HZP    11r   1.37k Crunched  17 Sep 89  17 Sep 89  S-help 9/17/89
SLTRAP  .HZP     7r   0.87k Crunched  -- --- --  -- --- --  s-help 6/12/88
SNAP    .HZP    22r   2.75k Crunched  01 May 90  01 May 90  S-help 5/1/90
SPEEDUP .HZP    32r   4.00k Crunched  14 Oct 89  14 Oct 89  S-help 10/13/89
SPP     .HZP    13r   1.62k Crunched  -- --- --  -- --- --  S-help 8/4/88
SREN    .HZP    28r   3.50k Crunched  31 Aug 90  31 Aug 90  S-help 8/31/90
ST      .HLP     4r   0.50k  Stored   -- --- --  -- --- --  
STATPAT .HZP     7r   0.87k Crunched  -- --- --  -- --- --  S-help 7/27/88
SUB     .HZP    25r   3.12k Crunched  -- --- --  -- --- --  s-help 6/12/88
SYSLB   .HZP    28r   3.50k Crunched  10 May 89  10 May 89  S-help 5/10/89

 Library File = T       .LBR    62k   (23 files)
   Name           Length     Method   Cre Date   Mod Date       Comments
============   ====-======= ========  =========  =========  =================
T       .HZP     5r   0.62k Crunched  11 Oct 90  11 Oct 90  T-help 10/11/90
T4GEN   .HZP    15r   1.87k Crunched  08 Apr 89  08 Apr 89  T-help 4/8/89
T4LDR   .HZP    10r   1.25k Crunched  08 Apr 89  08 Apr 89  T-help 4/8/89
TAILZ   .HZP     9r   1.12k Crunched  11 Oct 90  11 Oct 90  T-help 10/11/90
TALIAS  .HZP    17r   2.12k Crunched  -- --- --  -- --- --  t-help 6/12/88
TCAP    .HZP     8r   1.00k Crunched  26 Jun 90  26 Jun 90  T-help 6/26/90
TCCHECK .HZP     7r   0.87k Crunched  -- --- --  -- --- --  t-help 6/12/88
TCMAKE  .HZP     7r   0.87k Crunched  -- --- --  -- --- --  t-help 6/12/88
TCSELECT.HZP    17r   2.12k Crunched  -- --- --  -- --- --  t-help 6/12/88
TCSRC   .HZP    44r   5.50k Crunched  05 Oct 90  05 Oct 90  T-help 10/5/90
TCVIEW  .HZP    34r   4.25k Crunched  15 Jul 90  15 Jul 90  T-help 7/15/90
TD      .HZP    11r   1.37k Crunched  29 Dec 88  29 Dec 88  T-help 12/29/88
TESTERR .HZP    16r   2.00k Crunched  23 Mar 91  23 Mar 91  T-help 3/23/91
TEX     .HZP    31r   3.87k Crunched  19 Sep 89  19 Sep 89  T-help 9/19/89
TEXT2DB .HZP    34r   4.25k Crunched  08 Oct 89  08 Oct 89  T-help 10/8/89
TP      .HZP    65r   8.12k Crunched  18 Jun 89  18 Jun 89  T-help 6/18/89
TP2     .HZP    75r   9.37k Crunched  18 Jun 89  18 Jun 89  T-help 6/18/89
TP3     .HZP    39r   4.87k Crunched  18 Jun 89  18 Jun 89  T-help 6/18/89
TPA     .HZP     6r   0.75k Crunched  -- --- --  -- --- --  t-help 6/12/88
TRIM    .HZP     8r   1.00k Crunched  -- --- --  -- --- --  T-help 7/3/88
TYPE    .HZP     6r   0.75k Crunched  -- --- --  -- --- --  t-help 6/12/88
TYPELZ  .HZP    12r   1.50k Crunched  -- --- --  -- --- --  t-help 6/12/88
TYPEQZ  .HZP     6r   0.75k Crunched  -- --- --  -- --- --  T-help 9/20/88

 Library File = U       .LBR    27k   (9 files)
   Name           Length     Method   Cre Date   Mod Date       Comments
============   ====-======= ========  =========  =========  =================
U       .HZP     4r   0.50k Crunched  20 Feb 91  20 Feb 91  U-help 2/20/91
UF      .HLP     4r   0.50k  Stored   -- --- --  -- --- --  
UMAP    .HZP    28r   3.50k Crunched  31 Mar 91  01 Apr 91  U-help 4/1/91
UNARCZ  .HZP    65r   8.12k Crunched  08 Apr 90  10 Apr 90  U-help 4/10/90
UNCR    .HZP    15r   1.87k Crunched  17 Sep 89  17 Sep 89  U-help 9/17/89
UNERASE .HZP     6r   0.75k Crunched  -- --- --  -- --- --  u-help 6/12/88
UNERAZ  .HZP    51r   6.37k Crunched  10 Nov 90  10 Nov 90  U-help 11/9/90
UNERAZ1 .HZP     8r   1.00k Crunched  10 Nov 90  10 Nov 90  U-help 11/9/90
UNJUST  .HZP    23r   2.87k Crunched  29 Nov 90  29 Nov 90  U-help 11/28/90

 Library File = V       .LBR    98k  (27 files)
   Name           Length     Method   Cre Date   Mod Date       Comments
============   ====-======= ========  =========  =========  =================
V       .HZP     5r   0.62k Crunched  11 Mar 90  11 Mar 90  V-help 3/11/90
V0      .HZP    38r   4.75k Crunched  27 Apr 90  27 Apr 90  V-help 4/27/90
VALIAS  .HZP    39r   4.87k Crunched  -- --- --  -- --- --  v-help 6/12/88
VARPACK .HZP     6r   0.75k Crunched  -- --- --  -- --- --  v-help 6/12/88
VCED    .HZP    19r   2.37k Crunched  -- --- --  -- --- --  v-help 6/12/88
VCOMP   .HZP    30r   3.75k Crunched  14 May 89  14 May 89  V-help 5/14/89
VCOMP1  .HZP     9r   1.12k Crunched  05 Oct 90  05 Oct 90  V-help 10/5/90
VERROR  .HZP    11r   1.37k Crunched  -- --- --  -- --- --  v-help 6/12/88
VFILER  .HZP    74r   9.25k Crunched  -- --- --  -- --- --  v-help 6/12/88
VFILER1 .HZP    14r   1.75k Crunched  -- --- --  -- --- --  v-help 6/12/88
VID     .HZP     5r   0.62k Crunched  -- --- --  -- --- --  v-help 6/12/88
VIEW    .HZP    29r   3.62k Crunched  31 Dec 88  31 Dec 88  V-help 12/31/88
VIEW1   .HZP    10r   1.25k Crunched  31 Dec 88  31 Dec 88  V-help 12/31/88
VLIB    .HZP    13r   1.62k Crunched  24 Apr 90  24 Apr 90  3 feb 90
VLIB0   .HZP    16r   2.00k Crunched  24 Apr 90  24 Apr 90  V-help 4/25/90
VLIB1   .HZP    42r   5.25k Crunched  24 Apr 90  24 Apr 90  3 feb 90
VLIB2   .HZP    45r   5.62k Crunched  24 Apr 90  24 Apr 90  3 feb 90
VLIB3   .HZP    82r  10.25k Crunched  24 Apr 90  24 Apr 90  3 feb 90
VLU     .HZP    74r   9.25k Crunched  -- --- --  -- --- --  V-help 12/02/88
VLU1    .HZP    10r   1.25k Crunched  23 Jan 89  23 Jan 89  V-help 01/23/89
VMENU   .HZP   112r  14.00k Crunched  -- --- --  -- --- --  v-help 6/12/88
VMENU1  .HZP    11r   1.37k Crunched  -- --- --  -- --- --  v-help 6/12/88
VMENUCK .HZP     8r   1.00k Crunched  -- --- --  -- --- --  v-help 6/12/88
VREN    .HZP    16r   2.00k Crunched  -- --- --  -- --- --  V-help 8/11/88
VTCAP   .HZP    24r   3.00k Crunched  26 Jan 89  26 Jan 89  V-help 1/26/89
VTYPE   .HZP    21r   2.62k Crunched  -- --- --  -- --- --  v-help 6/12/88
VTYPE1  .HZP     8r   1.00k Crunched  -- --- --  -- --- --  v-help 6/12/88

 Library File = W       .LBR    17k   (8 files)
   Name           Length     Method   Cre Date   Mod Date       Comments
============   ====-======= ========  =========  =========  =================
W       .HZP     4r   0.50k Crunched  13 Oct 90  13 Oct 90  W-help 10/12/90
W2      .HZP    41r   5.12k Crunched  14 Jun 89  14 Jun 89  W-help 6/14/89
WAIT    .HZP    12r   1.50k Crunched  -- --- --  -- --- --  w-help 6/12/88
WHEEL   .HZP    29r   3.62k Crunched  20 Oct 90  20 Oct 90  W-help 10/20/90
WHL     .HZP     5r   0.62k Crunched  -- --- --  -- --- --  w-help 6/12/88
WHLCHK  .HZP     5r   0.62k Crunched  -- --- --  -- --- --  w-help 6/12/88
WIPE    .HZP    13r   1.62k Crunched  13 Oct 90  13 Oct 90  W-help 10/12/90
WZ      .HZP    19r   2.37k Crunched  -- --- --  -- --- --  w-help 6/12/88

 Library File = X       .LBR    39k   (15 files)
   Name           Length     Method   Cre Date   Mod Date       Comments
============   ====-======= ========  =========  =========  =================
X       .HZP     4r   0.50k Crunched  13 Jan 91  13 Jan 91  X-help 1/12/91
XALIAS  .HZP     5r   0.62k Crunched  -- --- --  -- --- --  x-help 6/12/88
XCAT    .HZP    39r   4.87k Crunched  13 Oct 89  13 Oct 89  X-help 10/13/89
XD      .HZP    12r   1.50k Crunched  01 Feb 89  01 Feb 89  X-help 2/01/89
XDIR    .HZP    15r   1.87k Crunched  -- --- --  -- --- --  x-help 6/12/88
XDSK    .HZP    10r   1.25k Crunched  02 Feb 89  02 Feb 89  X-help 2/02/89
XECHO   .HZP    11r   1.37k Crunched  -- --- --  -- --- --  x-help 6/12/88
XFOR    .HZP    63r   7.87k Crunched  01 Jan 91  01 Jan 91  X-help 1/1/91
XIF     .HZP     4r   0.50k Crunched  -- --- --  -- --- --  x-help 6/12/88
XOX     .HZP    69r   8.62k Crunched  30 Nov 90  01 Mar 91  X-help 3/1/91
XSUBZ   .HZP     6r   0.75k Crunched  -- --- --  -- --- --  x-help 6/12/88
XTAIL   .HZP    20r   2.50k Crunched  13 Jan 91  13 Jan 91  X-help 1/12/91
XTCAP   .HZP    12r   1.50k Crunched  08 May 90  08 May 90  X-help 5/8/90
XXI     .HZP    20r   2.50k Crunched  08 May 90  08 May 90  X-help 5/8/90
XZRL    .HZP    11r   1.37k Crunched  13 Jun 89  13 Jun 89  X-help 6/13/89

 Library File = Z       .LBR   278k   (83 files)
   Name           Length     Method   Cre Date   Mod Date       Comments
============   ====-======= ========  =========  =========  =================
Z       .HZP     7r   0.87k Crunched  20 Jan 91  20 Jan 91  Z-help 1/20/91
Z-GAMES .HZP     4r   0.50k Crunched  -- --- --  -- --- --  z-help 6/12/88
Z-GOLF  .HZP     6r   0.75k Crunched  -- --- --  -- --- --  z-help 6/12/88
Z-RIP   .HZP     6r   0.75k Crunched  -- --- --  -- --- --  z-help 6/12/88
Z33     .HZP     5r   0.62k Crunched  08 Oct 89  09 Oct 89  Z-help 10/8/89
Z33-TM2 .HZP    12r   1.50k Crunched  -- --- --  -- --- --  Z-help 7/3/88
Z33-ZASM.HZP    18r   2.25k Crunched  -- --- --  -- --- --  Z-help 7/3/88
Z33DEBUG.HZP     7r   0.87k Crunched  -- --- --  -- --- --  Z-help 7/3/88
Z33ERROR.HZP     6r   0.75k Crunched  31 Dec 88  31 Dec 88  Z-help 12/31/88
Z33FILL .HZP     9r   1.12k Crunched  31 Dec 88  31 Dec 88  Z-help 12/31/88
Z33IF   .HZP     5r   0.62k Crunched  -- --- --  -- --- --  Z-help 7/3/88
Z33LIB  .HZP    34r   4.25k Crunched  -- --- --  -- --- --  Z-help 7/3/88
Z33MAKE .HZP     7r   0.87k Crunched  -- --- --  -- --- --  z-help 6/12/88
Z33POKE .HZP     7r   0.87k Crunched  31 Dec 88  31 Dec 88  Z-help 12/31/88
Z33TBUFF.HZP    13r   1.62k Crunched  08 Oct 89  08 Oct 89  Z-help 10/8/89
Z33TRCP .HZP    21r   2.62k Crunched  -- --- --  -- --- --  Z-help 7/3/88
Z33VEH  .HZP     7r   0.87k Crunched  31 Dec 88  31 Dec 88  Z-help 12/31/88
Z33VERR .HZP    10r   1.25k Crunched  -- --- --  -- --- --  Z-help 7/3/88
Z34     .HZP     3r   0.37k Crunched  03 Jul 90  03 Jul 90  Z-help 7/3/90
Z34ERA  .HZP    10r   1.25k Crunched  26 Dec 88  26 Dec 88  Z-help 12/26/88
Z34ERR  .HZP    15r   1.87k Crunched  03 Jul 90  03 Jul 90  Z-help 7/3/90
Z34RCP  .HZP    53r   6.62k Crunched  07 Oct 89  07 Oct 89  Help file
Z3INS   .HZP     9r   1.12k Crunched  -- --- --  -- --- --  z-help 6/12/88
Z3INSTP .HZP    15r   1.87k Crunched  -- --- --  -- --- --  z-help 6/12/88
Z3KEY   .HZP    25r   3.12k Crunched  -- --- --  -- --- --  z-help 6/12/88
Z3LIB   .HZP    31r   3.87k Crunched  03 Feb 91  03 Feb 91  Z-help 2/3/91
Z3LIB1  .HZP    68r   8.50k Crunched  05 Sep 87  08 Apr 89  (--> Z3LIB1.HLP)
Z3LIB2  .HZP    77r   9.62k Crunched  05 Sep 87  08 Apr 89  (--> Z3LIB2.HLP)
Z3LIB3  .HZP    56r   7.00k Crunched  05 Sep 87  08 Apr 89  (--> Z3LIB3.HLP)
Z3LIB4  .HZP    59r   7.37k Crunched  19 Aug 89  01 Oct 89  (--> Z3LIB4.HLP)
Z3LIB5  .HZP    72r   9.00k Crunched  03 Feb 91  03 Feb 91  Z-help 2/3/91
Z3LOC   .HZP    12r   1.50k Crunched  -- --- --  -- --- --  Z-help 7/12/88
Z3VARLIB.HZP    40r   5.00k Crunched  06 Aug 89  06 Aug 89  Z-help 8/6/89
Z3VARS  .HZP    12r   1.50k Crunched  06 Aug 89  06 Aug 89  Z-help 8/6/89
ZBGQUIK .HZP     8r   1.00k Crunched  -- --- --  -- --- --  z-help 6/12/88
ZCAL    .HZP    12r   1.50k Crunched  27 Feb 89  27 Feb 89  Z-help 2/27/89
ZCNFG   .HZP    60r   7.50k Crunched  15 Nov 89  15 Nov 89  Z-help 11/15/89
ZCOPY   .HZP    14r   1.75k Crunched  -- --- --  -- --- --  Z-help 9/26/88
ZCOPY1  .HZP    52r   6.50k Crunched  -- --- --  -- --- --  Z-help 9/26/88
ZCRCK   .HZP    12r   1.50k Crunched  13 Dec 89  13 Dec 89  Z-help 12/11/89
ZCUBE   .HZP     8r   1.00k Crunched  -- --- --  -- --- --  z-help 6/12/88
ZDB     .HZP    53r   6.62k Crunched  15 Feb 91  15 Feb 91  Z-help 2/15/91
ZDB1    .HZP    11r   1.37k Crunched  15 Feb 91  15 Feb 91  Z-help 2/15/91
ZDDTZ   .HZP    48r   6.00k Crunched  -- --- --  -- --- --  Z-help 7/9/88
ZDE     .HZP    66r   8.25k Crunched  13 Apr 89  13 Apr 89  Z-help 4/13/89
ZDE1    .HZP    38r   4.75k Crunched  13 Apr 89  13 Apr 89  Z-help 4/13/89
ZDECMD1 .HZP    49r   6.12k Crunched  13 Apr 89  13 Apr 89  Z-help 4/13/89
ZDECMD2 .HZP    51r   6.37k Crunched  13 Apr 89  13 Apr 89  Z-help 4/13/89
ZDEDEV  .HZP    59r   7.37k Crunched  13 Apr 89  13 Apr 89  (--> ZDEDEV.HLP)
ZDENST1 .HZP    15r   1.87k Crunched  13 Apr 89  13 Apr 89  Z-help 4/13/89
ZDENSTAL.HZP    76r   9.50k Crunched  13 Apr 89  13 Apr 89  Z-help 4/13/89
ZDKCOM  .HZP    42r   5.25k Crunched  25 Apr 89  25 Apr 89  Z-help 4/25/89
ZEDFILE .HZP     5r   0.62k Crunched  -- --- --  -- --- --  z-help 6/12/88
ZERA    .HZP     5r   0.62k Crunched  -- --- --  -- --- --  Z-help 9/26/88
ZERR    .HZP    12r   1.50k Crunched  13 Oct 89  13 Oct 89  Z-help 10/13/89
ZERRLSH .HZP    15r   1.87k Crunched  13 Oct 89  13 Oct 89  Z-help 10/13/89
ZEX     .HZP    59r   7.37k Crunched  20 Jun 89  20 Jun 89  Z-help 6/20/89
ZFILER  .HZP    47r   5.87k Crunched  24 Sep 89  24 Sep 89  Z-help 9/24/89
ZFINDU  .HLP     4r   0.50k  Stored   -- --- --  -- --- --  
ZGREP   .HZP    74r   9.25k Crunched  -- --- --  -- --- --  Z-help 9/27/88
ZGREP1  .HZP     9r   1.12k Crunched  -- --- --  -- --- --  Z-help 9/28/88
ZIFIED  .HZP     4r   0.50k Crunched  15 Jul 90  15 Jul 90  Z-help 7/15/90
ZIPDIR  .HZP     7r   0.87k Crunched  15 Jul 90  15 Jul 90  Z-help 7/15/90
ZLBR    .HZP    19r   2.37k Crunched  -- --- --  -- --- --  z-help 6/12/88
ZLDIR   .HZP     6r   0.75k Crunched  -- --- --  -- --- --  z-help 6/12/88
ZLT     .HZP    19r   2.37k Crunched  08 Nov 89  08 Nov 89  Z-help 11/8/89
ZLUX    .HZP    38r   4.75k Crunched  07 May 90  07 May 90  Z-help 5/7/90
ZMANG   .HZP    29r   3.62k Crunched  -- --- --  -- --- --  Z-help 12/11/88
ZMP     .HZP    51r   6.37k Crunched  -- --- --  -- --- --  Z-help 12/16/88
ZMSAVE  .HZP    12r   1.50k Crunched  24 Jun 90  24 Jun 90  Z-help 6/24/90
ZP      .HZP    63r   7.87k Crunched  22 Nov 90  22 Nov 90  Z-help 11/22/90
ZP1     .HZP    12r   1.50k Crunched  22 Nov 90  22 Nov 90  Z-help 11/22/90
ZPATCH  .HZP    75r   9.37k Crunched  -- --- --  -- --- --  Z-help 6/13/88
ZPATH   .HZP    12r   1.50k Crunched  29 Dec 88  29 Dec 88  Z-help 12/29/88
ZPUZZLE .HZP     4r   0.50k Crunched  -- --- --  -- --- --  Z-help 7/1/88
ZRDPUB  .HZP     8r   1.00k Crunched  -- --- --  -- --- --  z-help 6/12/88
ZSLIB   .HZP    61r   7.62k Crunched  23 Feb 90  23 Feb 90  Z-help 2/23/90
ZSVSTAMP.HZP    20r   2.50k Crunched  22 Dec 88  22 Dec 88  Z-help 12/22/88
ZTXTTOWS.HLP     5r   0.62k  Stored   -- --- --  -- --- --  
ZTYPE   .HZP    28r   3.50k Crunched  05 Oct 90  05 Oct 90  Z-help 10/5/90
ZWC     .HZP     6r   0.75k Crunched  -- --- --  -- --- --  z-help 6/12/88
ZXD     .HZP    10r   1.25k Crunched  17 Sep 89  17 Sep 89  Z-help 9/17/89
ZXLATE  .HZP    13r   1.62k Crunched  -- --- --  -- --- --  z-help 6/12/88

 Library File = SYSLIB.LBR      75k   (21 files)
   Name           Length     Method   Cre Date   Mod Date       Comments
============   ====-======= ========  =========  =========  =================
SYSLIB  .HZP     6r   0.75k Crunched  16 Sep 87  01 Oct 89  (--> SYSLIB.HLP)
SYSLIB0 .HZP    50r   6.25k Crunched  16 Sep 87  08 Apr 89  (--> SYSLIB0.HLP)
SYSLIB1 .HZP    52r   6.50k Crunched  16 Sep 87  08 Apr 89  (--> SYSLIB1.HLP)
SYSLIB2 .HZP    13r   1.62k Crunched  16 Sep 87  31 Mar 89  (--> SYSLIB2.HLP)
SYSLIB3 .HZP    68r   8.50k Crunched  16 Sep 87  08 Apr 89  (--> SYSLIB3.HLP)
SYSLIB4 .HZP    45r   5.62k Crunched  19 Aug 89  19 Aug 89  (--> SYSLIB4.HLP)
SYSLIB5 .HZP    30r   3.75k Crunched  16 Sep 87  31 Mar 89  (--> SYSLIB5.HLP)
SYSLIB6 .HZP    27r   3.37k Crunched  16 Sep 87  08 Apr 89  (--> SYSLIB6.HLP)
SYSLIB7 .HZP    20r   2.50k Crunched  16 Sep 87  01 Apr 89  (--> SYSLIB7.HLP)
SYSLIB8 .HZP    17r   2.12k Crunched  16 Sep 87  08 May 89  (--> SYSLIB8.HLP)
SYSLIB9 .HZP    11r   1.37k Crunched  16 Sep 87  08 Apr 89  (--> SYSLIB9.HLP)
SYSLIBA .HZP    22r   2.75k Crunched  16 Sep 87  01 Apr 89  (--> SYSLIBA.HLP)
SYSLIBB .HZP    53r   6.62k Crunched  16 Sep 87  08 Apr 89  (--> SYSLIBB.HLP)
SYSLIBC .HZP    19r   2.37k Crunched  16 Sep 87  08 Apr 89  (--> SYSLIBC.HLP)
SYSLIBD .HZP    28r   3.50k Crunched  16 Sep 87  02 Apr 89  (--> SYSLIBD.HLP)
SYSLIBE .HZP    22r   2.75k Crunched  16 Sep 87  08 Apr 89  (--> SYSLIBE.HLP)
SYSLIBF .HZP    15r   1.87k Crunched  16 Sep 87  07 Apr 89  (--> SYSLIBF.HLP)
SYSLIBG .HZP     6r   0.75k Crunched  16 Sep 87  02 Apr 89  (--> SYSLIBG.HLP)
SYSLIBH .HZP    19r   2.37k Crunched  30 Oct 87  08 Apr 89  (--> SYSLIBH.HLP)
SYSLIBI .HZP    47r   5.87k Crunched  -- --- --  -- --- --  (--> SYSLIBI.HLP)
SYSLIBJ .HZP    20r   2.50k Crunched  30 Apr 89  01 May 89  (--> SYSLIBJ.HLP)

 Library File = ZRDOS   .LBR    21k   (7 files)
   Name           Length     Method   Cre Date   Mod Date       Comments
============   ====-======= ========  =========  =========  =================
ZDU     .HZP    16r   2.00k Crunched  -- --- --  -- --- --  z-help 02/06/89
ZRDOS   .HZP    29r   3.62k Crunched  -- --- --  -- --- --  z-help 02/06/89
ZRDOS1A .HZP    26r   3.25k Crunched  -- --- --  -- --- --  z-help 02/06/89
ZRDOS1B .HLP     1r   0.12k  Stored   -- --- --  -- --- --  
ZRDOS1C .HZP    55r   6.87k Crunched  -- --- --  -- --- --  z-help 02/06/89
ZRDOS1D .HZP    10r   1.25k Crunched  -- --- --  -- --- --  z-help 02/06/89
ZRDOS1E .HZP    23r   2.87k Crunched  -- --- --  -- --- --  z-help 02/06/89
