#44                           Z-SYSTEM FILES                          02/05/92
              
            Remarks key:  ? = programs under beta-testing
                          * = commerical or proprietary program
               S  
               y  
Name     Vers  s ZSUS Issue Size Recs CRC  Remarks 
====     ====  = ==== ===== ==== ==== ===  ===================================
@        1.00  0    0  1/87   3k  22  2B22 
ABORT    2.00  0    0  6/86   1k   6  BCEF 
AC       4.40  0    0 10/86   5k  38  607C  
AC       5.00                              ?Beta release for ZRDOS 1.9
ACMDUTIL 1.10  0    0 10/85   3k  23  5B34  
ACOPY    3.30  3    0  7/91   6k  46  EB5F
ACREATE  3.00  3    0  5/85   8k  61  808B  
ADIR     2.60  3    0  9/89   5k  35  50A4  ADIR26.COM (External Environment)
         2.50  3    0  8/89   5k  34  F088  ADIR25IN.COM (No Sys Environment)
AFIND    1.40  0 V209  4/91   1k   8  C74A  AFIND14.COM
ALIAS    1.70  0 V208  1/91   4k  26  EB63  ALIAS17.COM
ARC      2.00  C    0  7/91  27k 212  4CBB  
ARK      1.10  C    0  9/89   9k  71  F55A  generic version
                              9k  71  72A2  ZSDOS-compatible version
ARUNZ    0.9u  4 V111 10/90   6k  42  08BC  ARUNZ09U.COM (Type 3 at 0100h)
                              6k  42  0ED1  ARUNZ09U.3OM (Type 3 at 8000h)
                              7k  49  5808  ARUNZ09U.4OM (Type 4 at AA00h)
ASK      2.20  0 V206  2/91   6k  46  1765  Written in BDS-C/Z vs 2.0
AT       0.5c  0 V203 12/90  10k  76  9991  AT05C.COM (requires XTCAP)
BA       2.40  0    0  5/89  10k  78  BD98  BA24.COM
BAK      1.40  0    0  3/91   1k   8  A736  BAK14.COM
BALIAS   1.30  0    0  8/85   6k  43  D034  
BCOMP    3.0b  0    0  1/92   9k  71  4C45  BCOMP30B.COM
                             12k  90  35E6  BCOMP30B.4OM (Type 4)
BCINST   3.0b  0    0  1/92   5k  39  F23C  BCINST30.COM (Install for BCOMP)
BGHIST   0.70  4    0 10/89   4k  32  1184 *BGHIST07.OCP
BGII     1.34  4    0 10/89  45k 460  99E9 *BG134.REL (uninstalled)
BITMATH  1.00  0 V203 12/90   1k   3  4D5D  BITMATH.REL
BPrinter 4.00  4    0  5/89                *BPRINTER.REL
BU       1.70  0 V206  4/90   7k  52  920E
BUSH     0.0b  0    0 11/88  34k 265  93F8  BUSHNR.COM (non-graphic, reverse)
CALCIOP  1.00  0 V205 12/90   2k  14  AC07  CALCIOP.ZRL
CD       2.30  4    0 12/89   2k  12  20DC  Part of NESTED3.LBR
CD       3.90  4    0  6/89   3k  20  26FD  CD39.COM (for ZCPR 3.0)
                              3k  20  B501  CD39.3OM (for ZCPR 3.3/3.4/Z3PLUS)
CFGLIB   1.00  4    0 12/88   2k  10  42B6  LIB routines to link .CFG files
CHARSET  1.00  0    0  6/91   1k   8  3D49  CHARSET.COM
CHKDIR   1.00  0 V112 10/90   3k  20  72EE  CHKDIR10.COM
CL       1.00  0 V209  5/91   4k  31  FA0E  CL10.COM
CLEANDIR 1.80  0    0  6/87   3k  20  E66A  Requires ZRDOS 1.5 or later
CLEDINST 1.50  4    0  7/91   6k  41  8763  Install program for CLED
CLEDSAVE 1.50  4    0  7/91   1k   8  5310  History load/save tool for CLED
CLRCST   1.00  0    0  6/87   1k   4  8A0B  Part of FOR-NXT3.LBR
CLRRSX   1.10  0    0  7/86   1k   6  20DB  
CMAZE    2.40  0    0  9/91  29k 229  7DA2  Written in MBASIC
CMD      1.40  4 V208  4/91   2k  12  B8EE  CMD14.COM
                              2k  12  4C79  CMD14.3OM
                              2k  16  C82C  CMD14.4OM   
CMDRUN   1.00  0    0  6/84   1k   2  D918  
CNTLH    1.10  0    0  9/89   3k  22  C91B
COMMENT  2.10  0 V209  4/91   1k   5  EFE3  COMENT21.COM
                              1k   5  AAF7  COMENT21.3OM
                              1k   8  3FE0  COMENT21.4OM
COMIF    1.00  3    0  3/87   4k  26  B659  COMIF.CIM (Type 3 at 8000h;
                                              follow-on to IF14.COM)
COMP     2.80  0    0  1/86   4k  28  D4B4  
CONCAT   1.60  0 V302 11/91   7k  56  C5BD  CONCAT16.COM
CONCTRL  1.00  0    0  9/90   1k   7  18EC
COPY     1.71  4 V208  3/91   7k  53  0E76  ZSDOS tool (also works under 
                                            ZRDOS, Z3PLUS, and plain CP/M)
CPA      1.30  0    0  7/91   4k  32  49B4  
CPD      1.50  0    0  1/92   4k  32  F156  CPD15.COM
CPSEL    1.00  0    0  5/84   1k   8  6005  
CPSET    1.30  4 V201 10/90   3k  18  7B29  CPSET.COM, follow-on to CPSEL.COM
                              3k  18  270C  CPSET.3OM
                              3k  22  3739  CPSET.4OM
CPUTEST  1.00  0    0  8/88   1k   1  2178  Routine used in Z3LOC.COM
CPY      1.00                         
CRC      2.20  0    0 11/86   6k  41  62F2  
CRCBUILD 1.40  0    0 10/91   3k  18  04D5  CRCBLD14.COM
CRCZ     1.10  0 V108  6/90   5k  35  9B5F
CRINSTAL 2.30  C    0 11/86   4k  26  BCF5
CRUNCH   2.3d3 C    0  8/89   6k  45  CDE7  CRUNCH.COM (DateStamper support)
CRUNCH   2.80  0    0  5/91   6k  48  EE12  CRUNCH.COM (ZSDOS/PCP support)
                              6k  44  6F77  CRUNCHZ.COM (Z-only version)
CSHELL   1.00  0    0         7k  55  537F  Requires C80
D        2.10  3    0 11/91   4k  32  BA87  Z'ified D.COM
DA       3.00  0 V206  9/89   3k  19  FDF1  Based on Eric Meyer's DA 2.2
DA-REV                        3k  19  0F0B  Reverse video version
DATEFN   1.10  0    0  1/92   2k  15  4334  DATEFN11.COM
DATSTAMP 1.00  C    0   /85  10k  78  4B45 *
DATSTAMP 4.30  C    0   /87                *
DATSTP   1.90  4    0 12/91   5k  35  A97E  DATSTPP.3OM (type 3 at 8000h)
                              6k  42  607A  DATSTPP.4OM (type 4)
                              5k  35  C417  DATSTPP.COM (Z3PLUS-only version)
                              6k  41  8B9A  DATSTPU.3OM (type 3 at 8000h)
                              6k  48  48EC  DATSTPU.4OM (type 4)
                              6k  41  4C1B  DATSTPU.COM (universal version)
                              4k  27  206A  DATSTPZ.3OM (type 3 at 8000h)
                              4k  32  B69E  DATSTPZ.4OM (type 4)
                              4k  27  5461  DATSTPZ.COM (ZSDOS/ZDDOS only)
DATSWEEP 4.30  4    0   /88  34k 272  22FA *Distributed with ZDOS 1.1
DCREATE  1.00  0    0  7/85   6k  48  AF42  
DD       1.90  0    0 12/91   4k  30  1941  
DEBUG    1.10  3    0 10/87  20k 160  839D  LIB file (Replaces Z33DEBUG)
DETABZ   1.40  0 V202 11/90   4k  26  5AB1  DETABZ14.COM
DEV      1.1a  3    0 12/87   2k  14  941A  DEV11A.CIM (Type 3 at 8000h)
                              2k  14  E75F  DEV11A.COM
DEVICE   1.00  0    0  4/84   3k  17  0CA5  
DFA      1.20  0    0         2k  12  34A5                      
DIALER   1.00  0 V211  7/91   2k  10  72D3  DIALER.COM
                              2k  14  B821  DIALER.4OM  (Type 4)
DIF      2.20  C    0        10k  78  64BE  
DIFF     3.00  4    0  2/89   4k  29  1A97  DIFF100.COM
                              4k  29  BC87  DIFF6000.COM (Type 3 at 6000h)
DIR      1.40  0    0 12/85   4k  25  F8EB  
DIRATR   1.10  3    0  5/88   3k  18  5A98  DIRATR11.COM (generic 0100h)
                              2k  16  D1B7  DIRATRWY.COM (for Wyse 60)
DIRBAR   1.00  0 V112  8/90   3k  20  0520  Requires VLIB4D XTCAP
DIRV     1.10
DISCAT   1.30  0    0                      * 
DISKRST  1.10  0    0         2k   2  AD15 *Distributed with ZRDOS
DMAP     1.10  0    0         2k  13  0884  
DOSERR   1.00  0    0         4k  27  BEFF *Distributed with ZRDOS
DOSVER   0.40  0    0  7/88   1k   4  C9B7 *Distributed with ZRDOS
DOW      0.02  4    0  4/89   2k  10  1BDA  DOW.COM (display only)
                              1k   7  5267  DOWZ.COM (store to Z regs only)
                              2k  11  329F  DOWZD.COM (display & use Z regs)
DPROG    1.20  0    0  4/85   3k  23  9E75  
DRO      1.00  0    0         1k   2  1D34 *Distributed with ZRDOS
DSCRESAV 1.0A  0    0  1/88   2k  11  A938  
DSCONFIG 4.20  0    0 10/89  16k 128  DA79 *DateStamper Config program
DSD      1.4e           /84                *
DSKMAP   1.00  0 V206  2/91   2k   9  CF69  Based on BITMAP 2.2
DSKNUM   1.50  4 V112  9/90   3k  21  4F2B  DSKNUM14.CIM (Type 3 at 8000h)
                              3k  21  6126  DSKNUM14.COM
DSLIB    4.40  4 V211  6/91   6k  44  3905  (Microsoft format)
DSLIBS   4.40  4    0  6/91   6k  41  721C  (SLR format)
DSTATS   1.20  3 V211  8/91   2k  16  1A0E  DSTATS12.COM
DU3      1.40  4    0  1/88  12k  89  801A  
         4.00  3    0  1/91  16k 123  45F8  (mod to work w/ ZCPR33 and Z3PLUS)
DUMP     1.30  0    0         3k  24  9ED4  
DW       1.00  4    0  3/89   2k   9  9D33  
EASE     2.00  4    0  4/88   5k  38  1F2D  EASE.COM
                              5k  38  9262  EASE8000.COM (Type 3 at 8000h)
EASECMD  2.00  4    0  4/88   4k  26  E914  EASECMD.COM
ECHO     1.40  4    0 10/91   1k   8  8A06  ECHO14.COM
                              1k   8  6C5F  ECHO14.3OM (Type 3 at 8000h)
                              2k  12  BF64  ECHO14.4OM (Type 4)
ECPSET   1.00  0    0
EDITND   1.1b  3    0 11/88   7k  51  94C3  EDITND11.COM
EDZCM    1.00  0 V302 11/91   7k  54  5FD4  EDZCM10.COM
ENVCFG   1.20  3 V302 11/91   2k  13  710C  ENVCFG12.COM
ENVSRC   1.20  0    0 10/91   6k  41  C6D8  ENVSRC12.COM
EOF      1.00  0    0  3/91   2k  16  B866  EOF10.COM  (for ZCPR3 and CP/M)
ERA      1.30  4    0  4/88   1k   6  D0D3  ERA13.3OM (Type 3 at 8000h)
                              2k   9  63AF  ERA13.4OM (Type 4 at C380h)
ERADIR   1.00  0    0  3/86   3k  24  1839  
ERASE    5.70  3    0 11/91   4k  26  F876  ERASE57.COM
                              4k  26  1EB1  ERASE57.3OM (Type 3 at 8000h)
                              4k  32  3EC7  ERASE57.4OM (Type 4)
ERAZ     1.5a  4 V205  1/91   3k  24  244B  ERAZ15A.COM
ERROR1   1.3a  3    0         2k  13  BA38  ERROR13A.COM
ERROR2   1.3a  3    0  1/85   3k  20  C880  ERROR23A.COM
ERROR3   1.00  0    0  3/84   1k   5  7C98  
ERROR4   1.00  0    0  3/84   1k   5  1F98  
ERRORX   1.10  0    0  6/87   1k   3  CDBB  ERRORX11.COM
ERRSET   1.30  3    0  6/87   1k   8  1AD0  ERRSET13.COM
EXL      1.20  C    0  6/90   6k  47  3F55  
EXPLODE  0.99  C    0  9/89   3k  20  A14F  .OVR file for UNZIP vs 0.99
EXFIND   1.00  0 V107  5/90   3k  19  A6AF
EXTEND   1.40  4 V301  8/91   1k   8  DE0D  EXTEND14.COM
                       8/91   2k  11  D4ED  EXTEND14.4OM (Type-4)
FF       2.40  0 V205  1/91   4k  31  A609  FF24.COM
FILEATTR 1.6a  4    0  1/92   4k  32  8A5C  ZSDOS utility
FILEDATE 2.20  4    0  9/89   5k  34  7C71 *Distributed with ZDOS 1.1
FILEDATE 2.20+ 4    0  8/89   5k  35  286F *CP/M Plus version
FILESZ   1.50  0 V207  3/91   2k  12  6EAA FILESZ.4OM
                              1k   8  B621 FILESZ.COM
FILT     8.10  0 V302 10/91   4k  30  0393 FILT81.COM
FILTZ    1.00  0    0  4/91   2k  15  2DC4 Z'ified version of FILTX.COM
FINDERR  1.40  4    0  6/85   1k   3  B0D0  
FINDF    2.70  0    0  2/88   3k  18  F041  
FIXT&D   0.02  C    0  7/89   1k   7  41CD
FL       1.00  0    0  1/92   4k  31  C5DD
FMANG    1.20  0    0        12k  93  4233  See ZMANG for follow-on
FOR      1.20  0 V101  3/89   4k  30  92EC  Part of FOR-NXT3.LBR
FRESTORE 1.30  0    0  6/87   4k  25  80B7  Fully-relocating Z80 version
FSPLIT   1.00  0 V204  1/91   4k  32  C17A
GETVAR   1.40  0    0  8/89   3k  22  1ADF  
GF       1.30  0    0  5/89   4k  27  DDE8  GF13.COM
GOTO     1.40  4    0  7/89   1k   6  7OC2  GOTO14.COM
                              1k   6  540A  GOTO14.3OM (Type 3 at 8000h)
                              2k   9  2EFE  GOTO14.4OM
GRDEMO   1.00  0    0  1/86  22k      F7CA
GRWLIB   0.98x                             * 
GRXLIB   1.2f                              * 
HELP     5.30  0    0         4k  26  DB2B  
HELPC    1.50  4    0  9/91   5k  37  5794  Follow-on to HELP53.COM
HELPC    1.00  0    0  2/88   4k  31  8C6A  Follow-on to HELP53.COM
HELPCH   1.00  0    0  1/92   6k  42  D5D7  
HELPCK   1.00  0    0  5/84   2k  16  7752  
HELPLSH  1.1b  4    0  1/92   3k  21  69CB  Help pgm for LSH.COM
HELPPR   1.00  0    0  5/84   5k  35  8FF6  
HELPQ    1.00  0    0  2/88   4k  29  E1AC  
HOLDZ    1.10  0    0  4/87   2k  11  40C8  
HP       1.40  4 V207  2/91   2k  10  FDF2  HP14.COM (Type 3 at 0100h)
HP                            2k  14  69D3  HP14.4OM (Type 4)
HPIOP                         3k  24  67FC  HPIOP14.COM (loads HP to NZIOP)
HPRSX                         4k  27  9DF6  HPRSX14.COM (loads HP as RSX)
HPVID                         4k  25  82B1  HPVID.COM (uses VLIB4D+ graphics)
HSH      1.5a  3    0  4/86   9k  67  4DA8  HSH15A.COM
I/OR     4.00  0    0   /89                *
IF       1.50  4    0  6/89   4k  29  4BEC  Z33IF15.COM (Type 4 at 0100h)
                              4k  29  528C  Z33IF15.3OM (Type 3 at 8000h)
                              5k  35  BC5B  Z33IF15.4OM (Type 4 at B680h)
IFSTAT   1.00  0    0  4/84   1k   3  8E75  
INITDIR  1.10  4    0  3/89   2k  16  6D21 *Distributed with ZDOS 1.1
INSTALOS 1.00  4    0 10/89   9k  70  BC30 *Distributed with ZDOS 1.1
IOBUG    2.40  0    0  2/85  15k 115  C181  
IOPLDR   1.10  0    0  6/91   2k   9  6656  IOPLDR.REL
IOPCLK   1.00  0    0  9/91   3k  17  7617  IOPCLK10.COM
JETCP    1.20  0    0  6/91   4k  26  E78F  JETCP12.COM (for Z3Plus only)
JETFIND  1.22  0    0    87  14k 104  EFE5 * 
JetLDR   1.00  4    0    88   9k  71  346B *Part of NZ-COM, Z3Plus (also
                                            available separately)
JTHLIB   1.20  0    0  1/92   2k   9  5C6F  JTHLIB12.REL
JUST     1.30  3 V302 10/91   4k  32  06A9  JUST13.COM
KEYMAP   1.00  0    0 12/87   1k   6  5138  Z version              
KILL     1.00  0    0  9/91   4k  30  A6D7
LAP      1.00  0    0 11/87   2k  16  750B  
LBREXT   3.40  0 V301  9/91   9k  66  C8CD  LBREXT34.COM
LCS      1.00  0    0 10/91  11k  86  3941  LCS10.COM
LD       1.10  0    0 10/91   4k  32  D55E  LD11.COM
LDIR-B   2.20  3 V301  9/91   2k  16  A343  LDIRB22.COM
LDR      1.60  0    0  6/86   4k  29  FC11  
LDSK     2.00  0    0 12/85   2k  12  06F6  
LDTIMD   1.00  4    0 10/89   4k  26  0E6A *Distributed with ZDOS 1.1 
LDTIMP   1.00  4    0 10/89   4k  27  870B *Distributed with ZDOS 1.1
LED      1.00  0    0  8/87   2k  11  E6BD  REL file
LFIND    1.00  C    0  2/85   5k  36  271A  LFIND.COM
LGET     1.30  0 V301  7/91   4k  29  3B20  
LHC      2.00  0 V301  9/91   5k  40  29F0  Follow-on to LBRHLP.COM
LHELP    1.00  0    0  8/85   4k  32  A19F  
LHQ      2.00  0 V301  9/91   5k  37  166D  Follow-on to LBRHLP.COM
LINKPRL  1.00  0    0  8/89   2k  16  4042
LIST     1.00  0 V104  1/90   2k   9  5260
LISTCMD  1.00  0    0  3/88  10k  73  6A14  Turbo Pascal; faster than ADIR 
LLDR     1.10  0    0  7/87   4k  30  7C58  Follow-on to LDR.COM
LLF      1.10  0    0 11/86   5k  36  A1E1  
LLH      1.00  0    0  1/92   7k  49  8863
LOADBG   1.00  4    0 10/89  16k 128  C705 *Loads BGii into memory
LOADND   1.20  0    0  1/87   5k  38  C2EE  
LOCNDO   1.20  3    0  7/89   4k  28  006C  LOCNDO12.COM (for Ext Env)
                              4k  30  0327  LOCNDO12.IOM (for Int Env)
                              4k  28  A711  LOCNDO12.80M (Type 3 at 8000h)
LOGGED   1.00  0    0         1k   4  4F22 *Distributed with ZRDOS
LPUT     2.20  4 V301  8/91   6k  48  3D8A  LPUT22.COM
LREPAIR  1.00  0 V209  5/91   2k  16  8304  LREPAIR.COM
LRUNZ    3.02  0    0  2/85   2k  14  BEAB   
LSH      1.10  4 V212  8/91   8k  59  FFE8  LSH11.COM (Type 3 at 8000h)
                              8k  63  AB1A  LSH11-4.COM (Type 4)
                              8k  59  17A6  LSHF11.COM (fixed-file version)
                              9k  68  86B3  LSHF11-4.COM (fixed-file, Type-4)
LSHINST  1.10  4 V212  8/91  11k  85  6909  Install pgm for LSH.COM
LT       3.10  C    0 12/91   7k  54  EE89  
LUSH     1.20  4    0  7/91   4k  26  1150  
LX       2.20  4 V301  3/91   3k  24  BB1A  LX-1.COM
                              4k  25  A58E  LX-3.COM (Type 3 at 8000h)
                              4k  29  E812  LX-4.COM (Type 4)
M2Z3INS  1.00  3    0 10/87  19k 150  5AF6  M2Z3INS.COM
MAKE     2.70  0    0  4/88   3k  22  032F  MAKE27.COM (Z3/WHEEL equate off)
MAKERCP  1.80  4    0    88   3k  21  4AEA  MAKE.ZRL (RCPMKE18)
MARRYLIB 1.00  0 V203 12/90   3k  17  21AF  MARRYLIB.REL (Microsoft format)
MCAT     6.0g  0    0  2/89  13k  97  0E2A  MCAT.COM (DS/ZSDOS/Z3PLUS support)
MCOPY    4.7b  0    0  2/88   5k  37  D817  
MDU      1.10  3 V109  6/90   2k   9  2E71  MDU11.COM
                              2k   9  A6B6  MDU11.CIM (Type 3 at 8000h) 
MENU     4.20  0    0 10/91   4k  32  2437  MENU42.COM
MENUCK   1.30  0    0  8/85   3k  18  AE67  
MEX+2Z   1.40  3 V203 12/90   2k  11  E000  MEX+2Z.COM (Mex114/Mex-Plus)
         1.20  3    0  2/89   2k  11  2B50  MEX2ZE.COM (Mex114)
MKDIR    3.20  0    0 11/84   6k  42  EB2D  
MKLINE   1.00  0    0    86  11k  85  2BC5  
MOUNT    1.00  4    0 12/89   1k   2  8A88  Part of NESTED3.LBR
MOVE     2.20  4 V101 12/89   3k  20  1A32  MOVE22.COM
                              3k  20  698E  MOVE22.3OM (Type 3 at 8000h)
                              4k  25  F3A9  MOVE22.4OM (Type 4) 
MTEST    1.00  4    0  3/89   1k   8  001B  TY3MTEST.COM
                              2k  11  42CB  TY4MTEST.COM
MU3      3.15  0    0  3/91   4k  31  8B8E  MU315.COM
                              4k  31  A16E  MU315.3OM
                              5k  37  0E22  MU315.4OM
MYLOAD   1.10  0    0  3/91   4k  32  9BCF
NAME     1.20  3 V210  6/91   2k  11  E793  NAME.COM
                              2k  11  10D8  NAME.3OM (Type 3 at 8000h)
                              2k  15  F398  NAME.4OM (Type 4)
NDCOPY   2.10  4    0 12/89   4k  29  B8B6  Part of NESTED3.LBR
NEXT     1.10  0    0  5/87   4k  26  DF9E  Part of FOR-NXT3.LBR
NHSH     1.0a  0    0 11/86   5k  38  B371  
NOTE     1.00  0    0  3/84   1k   1  CB9E  
NT       4.60  4 V103  2/90   2k  16  A52A  NT46.COM (Type 1)
         4.60  4 V103  2/90   3k  20  DB5A  NT46.4OM (Type 4)
         4.50  4 V103  2/90   2k  13  8E2C  NT45DS.COM (DateStamper support)
NTS      1.10  4    0  9/91   5k  39  FED5  (NT 4.6 w/ full screen editor)
NUKEY    2.05  4    0  5/89                *Z-System version.
NUKEYCLK 0.30  0    0  7/91   2k  16  7FC6  NUKEYCLK.COM
NULU     1.52a C    0  7/87  16k 122  7C49  
NZBLITZ  1.40  0 V210  6/91   2k  15  A97B  Save/Load binary image for NZCOM
NZCOM    1.2f  0    0   /88                *
NZEX     1.0d  4    0 10/87   4k  31  CA49  NZEX-D.COM
NZTIM    1.20  4    0  1/92   3k  24  2678  NZTIM.REL (time/date routines)
OE       1.70  0    0  5/91   3k  22  8B21  OE15.3OM (Type 3 at 8000)
                              3k  22  FE58  OE15.COM
ORDER    1.00  0    0  9/90   3k  21  A967
PACK     1.0b  0    0  7/89   5k  36  396D  
PACPER   2.00  0    0  3/91   6k  47  3C16  P20.COM (PacPerson game!)
PAGE     2.10  4    0  9/88   4k  32  59A2  PAGE21.COM 
PARAMS   1.00  0    0         2k  15  BA92  
PATH     3.20  0    0  6/91   2k  15  6B64  PATH32.4OM (type 4)
                              2k  12  08CE  PATH32.COM
PAUSE    1.20  4    0  9/91   2k  12  51C2  PAUSE12.3OM
                              2k  16  A4B1  PAUSE12.4OM
                              2k  12  9896  PAUSE12.COM
PDAT     1.20  4    0  1/92   2k  12  0F01  PDAT.REL (time/date routines)
PDMSTK   1.00  4 V204  1/91   5k  33  6F96  Uses PDMSHELL.OVL.
PEEK     1.00  4    0  4/88   2k  10  6A0A  P.3OM (Type 3 at 8000h)
                              2k  13  4D66  P.4OM (Type 4 at C180h)
PEEP     1.30  C    0 11/87   1k   8  4D7D  Available as ZCPR RCP
PERFORM  1.10  0    0  6/87   3k  23  5FB2  Part of FOR-NXT3.LBR
PIPE     1.80  0    0  1/88   1k   8  C4B0  PIPE18.COM
PKey     1.10                              *
PMOVE    1.20  0    0  9/85   2k  13  48AB  
PNTR     1.00  0    0  9/90   2k  10  275F  Demo program for ALIAS15.COM
POKE     1.20  4    0  9/91   2k   9  3007  POKE.3OM (Type 3 at 8000h)
                              2k  12  142D  POKE.4OM (Type 4)
PPIP     1.90  0    0 11/88   5k  37  EEC7  ZCPR3/DateStamper version
PRETTY   3.10  3    0 10/91   5k  38  5CD5  Based on PRETTY23
PRINT    2.30  0 V208  3/91   6k  48  1F8D  ZSDOS support.
PRNTXT   1.60  0 V302 10/91   1k   6  E39D  PRNTXT16.COM
PROTCCP  1.00  0    0  2/87   1k   3  E541  
PROTECT  3.00  0    0  5/84   4k  28  1BDC  
PRTASM   2.10  0    0  3/91   5k  37  DAAC  PRTASM21.COM
PRTASM   1.90  3 V109  7/90   5k  35  6078  PRTASM19.CIM (Type 3 at 8000h)
PRTDFLT  1.00  0    0    85   1k   7  9367  
PRTRLE   2.00  0 V204 12/90   4k  26  477C  PRTREL20.COM
PRTSET   1.00  0    0    85   3k  18  08C7  
PUBLIC   1.00  0    0         2k  16  C4D5 *Distributed with ZRDOS
PUSH     1.20  0    0  7/87   2k  13  4EB9  
PUSHDIR  1.00  0    0  6/91   2k  11  1470  PUSHDIR.4OM (type 4)
                              1k   8  2CA4  PUSHDIR.COM
PUTBG    1.40  4    0 10/89  18k 144  80F2 *Creates BGii swap file
PUTDS    2.00  4    0 10/89  13k 102  35D0 *Distributed with ZDOS 1.1
PWD      2.10  4    0 11/91   4k  25  813E  PWD21.COM
                              4k  25  1EB1  PWD21.3OM (Type 3)
                              4k  30  CEB4  PWD21.4OM (Type 4)
Q        2.20  4    0 10/89   6k  48  D183 *Manages print queue under BGii
QL       4.10  0    0  1/89   9k  70  BFE5  QL41-Z3.COM (Z3 version)
QLUX     1.21  0 V106  4/90  19k 145  755E  QLUX.COM (for local use)
                             18k 140  EE21  QLUXKMD.COM (for RCP/M use)
                             18k 140  0E9A  QLUXZMD.COM (for RCP/M use)
QUEUE    1.00  0    0        12k  92  07C5  
QUIET    1.3a  0 V112 10/90   1k   8  2134  QUIET.3OM (Type 3 at 8000h)
                              2k  12  A762  QUIET.4OM (Type 4)
                              1k   8  AB3A  QUIET.COM
RCOPY    2.10  0    0  1/92   4k  29  E445  RCOPY21.COM
RCP-COM  1.00  3    0  9/89   4k  28  FBA0  Z34RCP vs 1.0 made as a .COM file
RCPX     1.00  3    0  9/87   1k   4  FE58  Part of Z33TRCP package
RECORD   3.10  0    0 12/90   3k  19  AF9B  RECORD.COM
                              3k  23  44AB  RECORD.4OM
RECORDER 4.00  4    0  5/89                *Z-System follow-on to I/OR
REG      1.30  4    0  8/89   2k  12  85E6  REG13.COM
                              2k  12  3D48  REG13.3OM (Type 3 at 8000h)
                              2k  15  02A8  REG13.4OM (Type 4 at C100h)
RELOG    1.10  4    0   /88   1k   2  156A *Distributed with ZDOS 1.1
REMIND   1.50  3    0  1/92   5k  39  3730  REMIND15.COM
REMOVE   0.50  4    0 10/89   1k   8  C023 *Removes BGii RSX modules from mem
REN      1.40  4    0  4/88   1k   6  B5E2  REN14.3OM (Type 3 at 8000h)
                              2k   9  9CEA  REN14.4OM (Type 4 at C384h)
RENAME   3.70  3 V201 11/90   4k  31  OAC6  RENAME37.CIM (Type 3 at 8000h) 
                              4k  31  4E86  RENAME37.COM
RENAMZ   1.90  3    0 11/91   5k  33  9FD3  
RESOLVE  1.40  3    0  8/89   3k  20  6A72  
RESTORE  1.0a  0    0  6/87   5k  34  55B3  Z80 version
REVAS    4.00  0    0                      *
REVFN    1.10  3 V112 10/90   3k  19  6740  REVFN11.CIM (Type 3 at 8000h)
                              3k  19  2A51  REVFN11.COM 
RLX      1.60  3    0  6/87   4k  26  4661  RLX16.COM
ROMAN    1.00  3 V210  6/91   2k  12  5A5D  ROMAN10.3OM (type 3 at 8000h)
                              2k  16  4000  ROMAN10.4OM (type 4)
                              2k  12  1C5F  ROMAN10.COM (Z'ified ROMAN.COM)
SAINST   1.50  0 V201 11/90   5k  38  5B57  Install util for SALIAS15.COM
SAK      2.2b  0    0  8/86   2k  14  CEAD  
SALIAS   1.5c  0 V208  3/91   8k  62  7731  SALIAS15.COM
SALIAS   1.30  0    0 10/88   8k  64  87E4  Patched for Z3Plus
SAPZ     1.20  0    0  9/91   2k  16  C3BF  SAPZ12.COM
SARRYLIB 1.00  0 V203 12/90   3k  15  181B  SARRYLIB.REL (SLR format)
SAVE     1.60  4    0 11/90   2k  12  6CC9  SAV16.COM (Type 3 at 8000h)
                              2k  16  C3C4  SAV16.4OM (Type 4 at 9800h)
SAVNDR   1.40  3    0 11/91   2k  12  00C2  SAVNDR14.3OM (Type 3 at 8000h)
                              2k  16  1ED9  SAVNDR14.4OM (Type 4)
                              2k  12  5A47  SAVNDR14.COM
SAVSTAMP 0.30  3    0  2/88   2k  16  E7B3  SAVSTMP4.COM
                              2k  16  C7BA  SAVSTMP4.CIM (Type 3 at 8000h)
SAVZVMEM 1.10  0 V205  5/90  11k  81  7C6F  
SCAN     2.50  4    0  8/91   6k  48  15BE  
SCANBG   2.50  4    0  8/91   6k  48  277E  BG-style SCAN.COM
SCANINST 1.20  4    0 11/90   2k  16  BB9F  Install for SCAN.COM vs 2.3a
SCOPY    0.80  4    0 10/91  15k 120  D6DB  Requires extended TCAP
SD       1.32  0    0         6k  41  967B  
SDD      3.01  3    0  5/89                 Patched for Z-System conventions
SDZ      1.32b 3    0  6/88   6k  47  8806  Part of NZ-COM package
SECURE   0.90  4    0 10/89   3k  24  0740 *Protects high-mem RSXs w/BGii
SEGLINK  1.00  0    0  3/87   1k   8  5121  
SETBG    1.20  4    0 10/89  18k 144  5F4F *Configures BGii's parameters
SETDZ3   0.20  0    0  2/88   3k  18  FD14  SETD 2.2 w/ ZCPR3 support
SETERR   1.00  0    0
SETFILE  1.10  3    0  2/89   1k   4  FC94  SETFIL11.COM
                              1k   4  007F  SETFIL11.CIM (Type 3 at 8000h)
SETPATH  1.10  0    0  6/91   4k  32  94E9  SETPATH.4OM (Type 4)
                              4k  27  D71E  SETPATH.COM
SETTERM  2.10  4    0 10/89  20k 160  B7DF *Installs terminals for DS/ZDOS
SETUPZST 1.00  4    0 10/89   9k  72  2459 *Distributed with ZDOS 1.1
SFA      2.50  0    0         3k  20  C533 *Distributed with ZRDOS
SFILE    3.20  C    0  1/87   3k  26  0447  Z'ified version optional
SH       2.00  0    0  5/87   4k  32  6EBE  
SHCHTRL  1.10  4    0  8/88   2k   9  3AD1  SHCTRL11.COM
                              2k   9  0B6F  SHCTRL11.CIM (Type 3 at 8000h)
                              2k  13  9AB0  SHCTRL11.T4C
SHDEFINE 1.00  0    0  3/84   3k  23  1633  
SHELLINI 1.00  0    0 11/87   1k   1  191C  
SHFILE   1.10  0    0  8/89   1k   5  0056  
SHOW     1.40  4    0  2/89  11k  86  8247  SHOW14.COM 
SHOWTYPE 1.00  0    0  4/88                 Written in Turbo Pascal
SHSET    2.20  4    0  8/88   2k  10  48D5  SHSET22.COM
                              2k  10  3256  SHSET22.CIM (Type 3 at 8000h)
                              2k  13  89B5  SHSET22.T4C
SHVAR    1.30  0    0  8/89   3k  21  7112
SILENT   1.00  0    0  9/90   1k   8  0CBF
SKUNK    1.52  0 V108  6/90  20k 157  1253  Z'fied dice game (compiled MBASIC)
SLOWDOWN 1.00  0    0  8/89   1k   5  BC1B  Removes SPEEDUP RSX
SLR180   1.31  0    0   /86                *SLR memory-based assembler
SLR180+  1.00  0    0   /86                *SLR virtual-memory assembler 
SLRMAC   1.31  0    0                      *SLR memory-based assembler
SLRMAC+  1.00  0    0   /86                *SLR virtual-memory assembler
SLRNK    1.31  0    0   /86                *SLR memory-based linker
SLRNK+   1.00  0    0   /86                *SLR virtual-memory linker
SNAP     1.20  3 V106  4/90   1k   8  5BD2  SNAP.COM
                              1k   8  BB78  SNAP.CIM (Type 3 at 8000h)
SNAPRCP  1.10  3    0  5/89   1k   4  600A  SNAPRCP.COM
                              1k   4  67C8  SNAPRCP.CIM (Type 3 at 8000h)
SP       1.30  4    0  4/88   1k   4  0DDD  SP13.3OM (Type 3 at 8000h)
                              1k   7  9A99  SP13.4OM (Type 4 at C480h)
SPEEDUP  1.10  0    0  8/89   3k  19  6C6C ?Disk Directory Cache (RSX)
SPP      1.00  3    0  8/88   5k  33  74CE  CPM 2.2/ZCPR3/ZCPR33 version
SPOOLER  1.00  4    0 10/89   4k  30  D919 *Spool/Unspool loader for BGii
SPOP     2.00  4    0  4/88   1k   4  F44E  SPOP20.3OM (Type 3 at 8000h)
                              1k   7  08DA  SPOP20.4OM (Type 4 at C480)
SREN     1.00  0 V110  8/90   8k  60  10D4  full-screen ren/era utility
SRENINST 1.0b  0 V110  8/90   5k  40  D1A6  SREN install program
SRO      1.00  0    0         1k   3  4F8F *Distributed with ZRDOS
SRW      1.10  0    0         1k   3  1BFF *Distributed with ZRDOS
SUB      3.50  3    0  1/92   4k  32  7379  SUB35.COM
SUBINST  3.50  0    0  1/92   1k   8  7DB5  SUB35 install program
SWZ      1.00  0    0 11/91   3k  21  D4A4  SWZ10.COM
SYNONYM  1.00  4    0 10/89   2k  10  8533 *Distributed with BGii
SYSLIB   4.40  4 V211  6/91  22k 173  7F7B  (Microsoft format)
SYSLIBS  4.40  4    0  6/91  20k 160  49AA  (SLR format)
SZAP4    1.00  0    0  4/91   2k  16  C12B  SZ4.COM (Z'ified SuperZap)
TAILZ    1.00  0 V112  8/90   8k  62  E449  TAILZ10.COM
TALIAS   1.60  0    0  8/86  10k  79        
TCAP     2.40  0 V108  6/90  17k 131  5C85
TCCHECK  1.10  0    0  2/88   2k  14  7CEA  
TCMAKE   1.00  0    0  3/84   6k  47  F70A  
TCSELECT 3.00  0    0 12/91   5k  35  780B  
TCSRC    1.40  0 V111  8/90   5k  38  EE90  TCSRC14.COM
TCVIEW   2.30  0 V108  6/90   4k  27  C81C  
TD       1.00  4    0   /89   2k  16  C435 *Distributed with ZDOS 1.1
TERMBASE 1.00  4    0 10/89   7k  50  B083 *Terminal database used by SETTERM
TESTCLOK 1.00  4    0 10/89   7k  50  3606 *Distributed with ZDOS 1.1
TESTERR  1.30  3 V207  2/91   1k   4  3B5D  TESTER13.COM
TEX      1.30  3    0  9/89   9k  70  9D19
TEXT2DB  1.30  3    0 11/91   4k  32  8157
TLZH     2.00  C    0  8/91    k 
TOUCH    1.00  4    0        17k 134  49A9  Utility for MAKE.RCP/ZRL; written
                                              in Turbo Modula-2
TPA      1.10  0    0 10/86   1k   6  8773  
TPA      3.3a  C    0  8/91   1k   5  EDBB
TRIM     1.10  4    0  7/91   2k  10  875F  TRIM.3OM (Type 3 at 8000h)
                              2k  13  FE21  TRIM.4OM (Type 4)
TXTALIAS 1.00  0 V210  5/91   4k  29  88D1  TXTALIAS.COM
TYPEL    3.60  0    0  1/85   4k  31  0DE9  
TYPELZ   2.20  0    0 10/87   5k  36  1B9D  
TYPELZH  2.00  C    0  7/91   7k  54  191C  TLZH20.COM
                              7k  54  B980  TLZHR20.COM (RCP/M version)
TYPEQZ   1.70  0    0 12/86   5k  39  DE51  
UF       1.00  0    0  7/86   2k  11  5B52  
UMAP     1.80  0    0 10/91   2k  16  D4A5  UMAP18.3OM (Type 3 at 8000)
                              3k  22  EC57  UMAP18.4OM (Type 4)
                              2k  16  903C  UMAP18.COM
UNARCZ   1.00  0 V105  3/90   5k  40  3786  Z'ified version of UNARC16.COM
UNCR     2.3d3 C    0  8/89   6k  45  F27D  UNCR.COM (DateStamper support)
UNCR     2.70  C V208  4/91   9k  67  D86B  UNCR.COM (ZSDOS/PCP support)
                              8k  63  C3CC  UNCRZ.COM (Z-only version)
UNERASE  1.40  0 V208  4/91   2k  16  825C  UNERAS14.COM
UNERAZ   1.20  0    0 11/90   3k  22  DD13
UNJUST   1.30  0 V202 11/90   4k  27  0D9B  UNJUST13.COM
UNREDUCE 0.99  C    0  9/89   2k  13  E257  .OVR file for UNZIP vs 0.99
UNSHRINK 0.99  C    0  9/89   2k  11  6A1C  .OVR file for UNZIP cs 0.99
UNZIP    0.99  C    0  9/89  15k 119  8D13
UNZIP    1.50  0 V211  6/91   3k  23  9A6A  UNZIP.COM
V        0.60  3 V106  4/90   8k  58  85DA  ZCPR3 with Extended TCAP required
VALIAS   0.2b  0    0         7k  49  B204  
VARPACK  1.20  0    0  4/88   2k  16  C6F6  
VCED     1.80  0    0  9/86   4k  32  0109  
VCINST   2.10  0 V111  9/90   4k  26  39C7  VCINST21.COM
VCOMP    2.10  0 V111  9/90   6k  44  6113  VCOMP21.COM
VERROR   1.80  0    0
VFILER   4.30  3    0  5/87  14k 111  2352  VF43.COM
VID      1.00  0    0  9/84   2k  12  AF2F  
VIEW     4.30  3    0  1/88   6k  42  99F9  VIEW43.COM  (see XOX.COM)
VLIB     4.40  4 V211  6/91   6k  44  DD58  (Microsoft format)
VLIBS    4.40  4    0  6/91   5k  39  8030  (SLR format)
VLU      1.08  4    0  1/89  17k 133  BA63  VLU108-R.COM (reverse video)
                             17k 133  A7DA  VLU108-D.COM (dim video)
VMENU    2.70  3    0  9/87  10k  76  50EE  VMENU27.COM
VMENUCK  1.30  0    0  8/85   3k  18  C578  
VREN     1.10  3 V210  6/91   4k  27  3A4A  VREN.3OM (type 3 at 8000h)
                              4k  32  25E8  VREN.4OM (type 4)
                              4k  27  9335  VREN.COM 
VTCAP    1.20  3    0 11/87  23k 181  90C9  VTCAP.COM (distributed version)
VTYPE    2.00  0    0         6k  43  1D2E *Distributed with ZRDOS
W        2.40  4    0  7/91   4k  32  A6F2  W24.COM
                              4k  32  8D3A  W24.3OM (Type 3 at 8000h)
                              5k  38  BCAE  W24.4OM (Type 4)
WAIT     1.20  0    0         4k  26  783B 
WAITDS   1.20                         
WAITMINS 1.00  0    0  2/91   1k   8  AA6E  WAITMINS.COM
                              2k  11  902A  WAITMINS.4OM
WHEEL    3.30  4 V201 10/90   2k  12  E132  WHEEL.COM
                      10/90   2k  12  93E0  WHEEL.3OM (Type 3 at 8000h)
                      10/90   3k  17  5749  WHEEL.4OM (Type 4)
WHLCHK   1.10  0    0 10/84   1k   3  013E 
WIPE     1.50  0    0  9/89   1k   5  3FFB  WIPE15.COM
XALIAS   1.10  0    0  8/87   5k  36  212F 
XCAT     6.0g  0    0  2/89  10k  73  70BC  XCAT.COM (DS/ZSDOS/Z3PLUS support)
XDIII    1.3c  0    0 11/86   4k  29  E576  XD13C.COM
XDIRIII  2.00  0    0  4/84   8k  62  279A  
XDSK     1.30  0    0  7/87   4k  28  2014  XDSK13.COM
XECHO    1.00  3    0  3/87   2k   9  BF28  XECHO.COM
XFOR     1.50  0 V302 12/91   6k  41  2343  XFOR15.COM
XOX      1.0k  4    0  6/91  12k  93  C359  Follow-on to VIEW.COM
XOXINST  1.0k  0    0  6/91   7k  49  9FB3  Install program for XOX.COM
XRUN     2.50  0    0  2/91   4k  25  45BC  English version
XSUBZ    1.40  3    0  6/87   1k   8  3018  XSUBZ.COM
                              1k   8  53C9  XSUBZ8.COM (Type 3 at 8000h)
XTAIL    1.10  4 V204  1/91   2k  12  29F9
XTCAP    1.00  0 V106  4/90   4k  28  1360
XXI      1.00  0 V106  5/90   8k  60  EE04  
XZRL     1.00  0    0  6/89   5k  40  EE16  XZRL10.COM
Z-GOLF   1.00  0    0  1/88   3k  24  CB6E  
Z-RIP    1.30  0    0  4/91   1k   8  8146  
Z33DEBUG 1.00  3    0  9/87  27k 214  2DC2  LIB file  (Replaced by DEBUG.LIB)
Z33ERROR 0.80  3    0         3k  21  67BF  Z33ERR08.COM
                              3k  21  E43D  Z33ERR08.CIM (Type 3 at 8000h)
Z33FCP   1.00  3    0  5/87  n/a n/a  n/a   Adapted from FCP10
Z33FILL  1.0d  3    0  3/88   1k   8  2031  Z33FILLD.COM
                       3/88   1k   8  EC1D  Z33FILLD.CIM
Z33IF    1.60  3    0 10/91   4k  28  6B0E  Z33IF16.COM (Adapted from COMIF)
                              4k  28  90C9  Z33IF16.3OM
                              4k  32  742E  Z33IF16.4OM
Z33LIB   0.50  3    0 10/87   2k  15  CD14  Z33LIB.REL
Z33MAKE  1.00  3    0 11/87   2k  15  557A  Z33MAKE.RCP
Z33NHSH  1.00  3    0 12/86   5k  38  7A81  NHSH-Z33.CIM (Type 3 at 8000h)
Z33POKE  1.0b  3    0  3/88   1k   7  219B  Z33POKEB.COM
                              1k   7  2BBB  Z33POKEB.CIM (Type 3 at 8000h)
Z33RCP   2.00  3    0  6/87  n/a n/a  n/a   Z33.RCP
Z33STAT  1.00  3    0  6/87   6k  41  B75A  STAT.COM w/ovl STATPAT2.HEX
Z33TBUFF 1.00  3    0  9/89   2k  16  2968
Z33VEH   1.10  3    0  9/87   5k  38  8204  Z33VEH11.COM
                              5k  38  4AD5  Z33VEH11.CIM (Type 3 at 8000h)
Z33VERR  1.00  3    0 10/87   5k  39  C32F  Z33VERR.COM
Z34ERA   1.00  4    0  7/88   3k  19  EBAA  Z34ERA.3OM (Type 3 at 8000h)
Z34ERR   1.20  4 V109  6/90   5k  36  67FF  Z34ERR12.LIB
Z3INS    1.50  4    0  4/88   3k  23  21FC  Z3INS15.COM
Z3INSTP  2.00  0    0   /85   5k  33  F885  
Z3LIB    4.4a  4 V211  7/91  11k  88  A768  (Microsoft format)
Z3LIBS   4.4a  4    0  7/91  10k  80  D062  (SLR format)
Z3LOC    1.90  4 V208  2/91   2k  16  6169  Z3LOC19.COM 
Z3PLUS   1.00  4    0   /88                *Z-System for CPM-Plus.
Z3TCAP   2.70  0    0  1/88  12k  89  3587  
Z3VARLIB 2.00  0    0  7/89   1k   7  947E  Z3VARLIB.REL (Microsoft format)
Z3VARLBS 2.00  0    0  7/89   1k   7  F6B8  Z3VARLBS.REL (SLR format)
ZAS      3.05  0    0                      *
ZBIB     1.00  0    0 11/91   8k  61  4E0B  ZBIB.COM
ZBGQUICK 1.10  0    0 10/87   1k   4  D502  Adapted from BGQUICK.COM
ZCAL     1.00  4    0   /88   2k  10  0E0E *Distributed with ZDOS 1.1
ZCNFG    2.10  4 V212 11/91   8k  62  FB96  Universal configuration utility
ZCOPY    2.10  C    0  8/88   9k  71  4042  Accepts ZCPR du:; written in C
ZCPR     3.4e  4    0   n/a  n/a n/a  n/a  *Part of NZ-COM (also available
                                            separately)
ZCRCK    1.40  4 V211  8/91   3k  24  2EEA  ZCRCK14.COM; adapted fm NCRCK1.COM
                              3k  24  806E  ZCRCK14.3OM (Type 3 at 8000h)
                              4k  29  B3D6  ZCRCK14.4OM (Type 4)
ZCUBE    1.10  0    0  1/86   4k  28  5D5D  
ZDB      1.80  0    0  1/92   8k  64  D1C2  ZDB18.COM (NZTCAP/VLIB4D support)
ZDBUTIL  1.50  0 V204  1/91  19k 147  0BE7  Written in MBASIC, BASCOM compiled
ZDDOS    1.00  4    0 12/88   5k  33  52C7 *ZDDOS.ZRL (Z-Relocatable ZDDOS)
ZDDOS    1.10  4    0 10/89   5k  33  D6DA *ZDDOS.ZRL (Z-Relocatable ZDDOS)
ZDDTZ    2.50  0    0         8k  54  2224  Z'ified version of DDTZ.COM 
ZDE      1.60  4 V107  6/90  17k 132  628A  Uninstalled version
ZDENSTAL 1.60  4 V107  6/90  11k  83  8D20  Install utility for ZDE.COM
ZDIR3    1.00                         
ZDKCOM   1.30  4    0  4/89   2k  14  B2FD  Key file compiler for ZDE.COM
ZDM      1.20
ZDT      1.20  0    0  1/92   8k  59  A635  ZDT.COM (ZCPR3 Day Timer)
                              8k  62  ED48  ZDT+.COM (Z3PLUS version)
ZEDFILE  1.10  0    0  9/86  12k  90  73C7  Z'ified version of EDFILE.COM
ZERA     1.10  C    0  8/88   5k  40  EB8B  Accepts ZCPR du:; written in C
ZERR     1.60  4 V212  8/91   3k  23  DFDA  ZERR16.3OM (Type 3 at 8000h)
                              4k  31  A98A  ZERR16.4OM (Type 4)
ZERRINST 1.60  4    0  8/91   4k  31  65D1  Install pgm for ZERR.COM
ZERRLSH  1.10  4    0  8/91   4k  29  B69B  Integrates ZERR.COM and LSH.COM
                              4k  29  6719  ZERRLSHF.COM (fixed-file version)
ZEX      4.04  4    0 11/88   5k  39  4793  ZEX404.COM
ZEX      5.00  4    0 10/89  11k  86  D2F0  ZEX50.COM
ZFILER   1.0q  4    0  1/92  15k 119  4B0E  ZF10QD4+.COM  (dim, 4 cols, DS)
                             15k 115  537C  ZF10QD5.COM   (dim, 5 cols)
                             15k 119  94E5  ZF10QD5+.COM  (dim, 5 cols, DS)
                             15k 115  BD22  ZF10QR4.COM   (rev, 4 cols)
                             15k 119  04BB  ZF10QR4+.COM  (rev, 4 cols, DS)
                             15k 119  1ED9  ZF10QR5+.COM  (rev, 5 cols, DS)
ZFIND    1.40  0 V302  8/91   4k  30  B54E
ZFINDU   1.00  0    0  5/86   4k  32  E46C  Z'ified version of FINDU.COM
ZGREP    1.10  C    0  7/88  14k 105  0A0C  Accepts ZCPR du:; written in C 
ZIPDIR   1.20  3 V109  7/90   2k  15  8752  ZD.COM
ZLBR     1.20  0    0 12/86   5k  34  2473  Adapted from ZLUX.COM
ZLDIR    1.00  0    0  5/86   2k  16  87F5  Z'ified version of LDIR15.COM
ZLINK    3.00  0    0                      *Part of ZAS release
ZLT      1.50  0    0  9/91   6k  47  E427  Z'ified version of LT29.COM
ZLUXINT  2.70  0 V106  4/90   6k  48  D8BD  Internal dir, no TCAP support
ZLUXINTV 2.70  0 V106  4/90   6k  48  75CA  Internal dir, TCAP support
ZM       1.70
ZMAC     1.10                              *Z-System macro assembler
ZMANG    2.1d  4    0 11/88  12k  91  5FE7  ZM21DR5.COM 
ZML      1.60                              *ZMAC linker
ZMP      1.40  0    0 11/88  14k 111  FF7C  ZMPX.COM (uninstalled version)
ZMSAVE   1.10  0 V108  5/90   2k  16  4AD9
ZP       1.50  4    0  8/91   8k  64  A257  ZP.COM (Type 3 at 0100h)
                              8k  64  81DA  ZP.3OM (Type 3 at 8000h)
                             10k  74  FAA2  ZP.4OM (Type 4)
ZPATCH   1.30  3    0  4/88   9k  71  0D28  ZPATCH13.COM
ZPATH    1.00  4    0  2/91   2k  16  EB18  ZSDOS tool
ZPLOT    1.0a  0 V102 12/89   4k  29  3040  Z'ified version of PLOT33.COM
ZPUZZLE  1.00  0    0         2k  16  8530  
ZRDOS    1.70  0    0         7k  56  4B8C *
ZRDOS    1.90  4    0                      *Distributed with NZ-COM
ZRDPUB   1.00  3    0  1/88   2k  11  22C7  Follow-on to PUBLIC.COM for ZRDOS
ZREMOTE  0.30  0    0   /89  16k 128  4B0F  
ZSCONFIG 1.00  4    0   /88   6k  46  7853 *Distributed with ZDOS 1.1
ZSDOS    1.00  4    0 12/88   5k  33  3CBB *ZSDOS.ZRL (Z-RElocatable ZSDOS)
ZSDOS    1.10  4    0 10/89   5k  33  7D2F *ZSDOS.ZRL (Z-Relocatable ZSDOS)
ZSLIB    3.40  4    0 10/91  27k 211  B72C  ZSLIBS.REL (SLR format)
                             29k 228  1C4E  ZSLIBM.REL (Microsoft format)
ZSVSTAMP 0.10  4    0   /88   2k  14  4FC4 *Distributed with ZDOS 1.1
ZSWEEP   1.30  0    0  9/91  16k 122  C80C  Z'ified version of NSWP207
ZTIME    1.40  0    0 10/91   4k  27  07C0  ZTIME.3OM (ZSDOS version)
                              5k  35  D986  ZTIME.4OM (ZSDOS version)
                              4k  27  CACA  ZTIME.COM (ZSDOS version)
                              4k  27  691A  ZTIME+.COM (Z3PLUS version)
                              5k  34  4B58  ZTIME+.COM (Z3PLUS version)
                              4k  27  874C  ZTIME+.COM (Z3PLUS version)
ZTXTTOWS 1.10  0    0  5/86   2k  15  ADDA  Z'ified version of TXTTOWS.COM
ZTYPE    1.10  0    0  4/91  19k 149  1B05  ZTYPE11.COM  (written in BDS-C)
ZXD      1.62  4    0  2/91   7k  50  CA0E  ZSDOS tool.
ZWC      1.00  0    0  5/86   2k  10  CEAB  Z'ified version of WC.COM
ZXLATE   1.40  0    0    86  18k 140  8309  
ZZAP     2.10  3    0 10/89   9k  69  0298  ZZAP21.COM (distributed version)
==============================================================================
  #1 - done in Z-News 602  (10/06/86)     #2 - done by Steven Gold (04/30/88)
  #3 - done by Bill Tishey (07/03/88)     #4 - (08/23/88)     #5 - (09/20/88)
  #6 - (10/28/88)     #7 - (12/02/88)     #8 - (01/01/89)     #9 - (02/02/89)
 #10 - (03/05/89)    #11 - (04/04/89)    #12 - (04/13/89)    #13 - (04/26/89)
 #14 - (05/22/89)    #15 - (06/23/89)    #16 - (07/15/89)    #17 - (09/20/89)
 #18 - (10/13/89)    #19 - (11/17/89)    #20 - (12/29/89)    #21 - (01/29/90)
 #22 - (03/08/90)    #23 - (04/01/90)    #24 - (04/25/90)    #25 - (05/07/90)
 #26 - (06/03/90)    #27 - (06/26/90)    #28 - (08/25/90)    #29 - (09/25/90)
 #30 - (10/08/90)    #31 - (10/17/90)    #32 - (11/27/90)    #33 - (12/06/90)
 #34 - (01/06/91)    #35 - (01/23/91)    #36 - (02/09/91)    #37 - (02/24/91)
 #38 - (04/01/91)    #39 - (05/13/91)    #40 - (06/15/91)    #41 - (08/01/91)
 #42 - (09/08/91)    #43 - (11/18/91)    $44 - (02/05/92)    

1. Please update or correct as new releases come out.
2. 'Sys' indicates latest version of Z supported:
       C = CP/M
       0 = ZCPR 3.0
       3 = ZCPR 3.3
       4 = ZCPR 3.4  
3. 'SUS' indicates on which Software Update Service disk (Volume and issue)
   the file appears.  "V101" = Volume 1, Issue 1.
4. 'Remarks' indicates which version is listed.
