 3 
;
:
DB
.ASM
 0 
 80 
;---
ACI
ADC
ADD
ADI
ANA
ANI
CALL
CC
CM
CMA
CMC
CMP
CNC
CNZ
CP
CPE
CPI
CPO
CZ
DAA
DAD
DCR
DCX
DI
EI
HLT
IN
INR
INX
JC
JM
JMP
JNC
JNZ
JP
JPE
JPO
JZ
LDA
LDAX
LHLD
LXI
MOV
MVI
NOP
ORA
ORI
OUT
PCHL
POP
PUSH
RAL
RAR
RC
RET
RIM
RLC
RM
RNC
RNZ
RP
RPE
RPO
RRC
RST
RZ
SBB
SBI
SHLD
SIM
SPHL
STA
STAX
STC
SUB
SUI
XCHG
XRA
XRI
XTHL
 22 

N
NN


B
C
D
E
H
L
M
A
SP
PSW
0
1
2
3
4
5
6
7
