 9 
;
:
DB
.SRC
 2 
 136 
;---
ACI
ADC
ADD
ADI
ANA
ANI
CALL
CC
CM
CMA
CMC
CMP
CNC
CNZ
CP
CPE
CPI
CPO
CZ
DAA
DAD
DCR
DCX
DI
EI
HLT
IN
INR
INX
JC
JM
JMP
JNC
JNZ
JP
JPE
JPO
JZ
LDA
LDAX
LHLD
LXI
MOV
MVI
NOP
ORA
ORI
OUT
PCHL
POP
PUSH
RAL
RAR
RC
RET
RIM
RLC
RM
RNC
RNZ
RP
RPE
RPO
RRC
RST
RZ
SBB
SBI
SHLD
SIM
SPHL
STA
STAX
STC
SUB
SUI
XCHG
XRA
XRI
XTHL
JR
JRNZ
JRZ
JRNC
JRC
DJNZ
EXAF
RLCR
RRCR
RLAR
RRAR
SLAR
SRAR
SRLR
BIT
RES
BSET
EXX
DADC
DSBC
IM0
IM1
IM2
INP
LDAI
LDAR
LBCD
LDED
LSPD
NEG
OUTP
RETI
RETN
RLD
RRD
SBCD
SDED
SSPD
STAI
STAR
LDI
CCI
INI
OUTI
LDD
CCD
IND
OUTD
LDIR
CCIR
INIR
OUTIR
LDDR
CCDR
INDR
OUTDR
 22 

N
NN

DISP
B
C
D
E
H
L
M
A
SP
PSW
0
1
2
3
4
5
6
7
