 9 
;
:
DB
.MAC
 1 
 67 
;---
ADC
ADD
AND
BIT
CALL
CCF
CP
CPD
CPDR
CPI
CPIR
CPL
DAA
DEC
DI
DJNZ
EI
EX
EXX
HALT
IM
IN
INC
IND
INDR
INI
INIR
JP
JR
LD
LDD
LDDR
LDI
LDIR
NEG
NOP
OR
OTDR
OTIR
OUT
OUTD
OUTI
POP
PUSH
RES
RET
RETI
RETN
RL
RLA
RLC
RLCA
RLD
RR
RRA
RRC
RRCA
RRD
RST
SBC
SCF
SET
SLA
SRA
SRL
SUB
XOR
 48 

N
NN
(NN)
DISP
B
C
D
E
H
L
(HL)
A
BC
DE
HL
SP
(BC)
DE
I
R
AF'
AF
(C)
(SP)
0
1
2
3
4
5
6
7
0
8
10H
18H
20H
28H
30H
38H
NZ
Z
NC
C
PO
PE
P
M
